{"timestamp":"2023-12-06T15:58:21,684","container":"2f5527fd3dd0","level":"INFO","thread":"main","class":"Besu","message":"Starting Besu","throwable":""}
{"timestamp":"2023-12-06T15:58:22,978","container":"2f5527fd3dd0","level":"WARN","thread":"main","class":"Besu","message":"--min-gas-price has been ignored because --miner-enabled was not defined on the command line.","throwable":""}
{"timestamp":"2023-12-06T15:58:25,814","container":"2f5527fd3dd0","level":"INFO","thread":"main","class":"Besu","message":"
####################################################################################################
#                                                                                                  #
# Besu version 23.4.1                                                                              #
#                                                                                                  #
# Configuration:                                                                                   #
# Network: Custom genesis file specified                                                           #
# Network Id: 1337                                                                                 #
# Data storage: Forest                                                                             #
# Sync mode: Full                                                                                  #
# RPC HTTP APIs: EEA,WEB3,ETH,NET,TRACE,DEBUG,ADMIN,TXPOOL,PRIV,PERM,QBFT                          #
# RPC HTTP port: 8545                                                                              #
#                                                                                                  #
# Host:                                                                                            #
# Java: openjdk-java-17                                                                            #
# Maximum heap size: 1.45 GB                                                                       #
# OS: linux-x86_64                                                                                 #
# glibc: 2.35                                                                                      #
# jemalloc: 5.2.1-0-gea6b3e973b477b8061e0076bb257dbd7f3faa756                                      #
# Total memory: 5.79 GB                                                                            #
# CPU cores: 12                                                                                    #
#                                                                                                  #
####################################################################################################","throwable":""}
{"timestamp":"2023-12-06T15:58:25,817","container":"2f5527fd3dd0","level":"INFO","thread":"main","class":"Besu","message":"Connecting to 8 static nodes.","throwable":""}
{"timestamp":"2023-12-06T15:58:25,817","container":"2f5527fd3dd0","level":"INFO","thread":"main","class":"Besu","message":"Security Module: localfile","throwable":""}
{"timestamp":"2023-12-06T15:58:25,870","container":"2f5527fd3dd0","level":"INFO","thread":"main","class":"Besu","message":"Using the native implementation of alt bn128","throwable":""}
{"timestamp":"2023-12-06T15:58:25,929","container":"2f5527fd3dd0","level":"INFO","thread":"main","class":"Besu","message":"Using the native implementation of modexp","throwable":""}
{"timestamp":"2023-12-06T15:58:25,952","container":"2f5527fd3dd0","level":"INFO","thread":"main","class":"Besu","message":"Using the native implementation of the signature algorithm","throwable":""}
{"timestamp":"2023-12-06T15:58:25,986","container":"2f5527fd3dd0","level":"INFO","thread":"main","class":"Besu","message":"Using the native implementation of the blake2bf algorithm","throwable":""}
{"timestamp":"2023-12-06T15:58:26,039","container":"2f5527fd3dd0","level":"INFO","thread":"main","class":"RocksDBKeyValueStorageFactory","message":"No existing database detected at /opt/besu/data. Using version 1","throwable":""}
{"timestamp":"2023-12-06T15:58:29,392","container":"2f5527fd3dd0","level":"INFO","thread":"main","class":"KeyPairUtil","message":"Loaded public key 0xaf19c92deb635bd7720634de9b2e7908208530d6f5e96eee003a8f1799e5be4037957d7e2fdbe3605e3a38dab05c961679c02133a0e624e23a72f7961e8af6ac from /opt/besu/keys/nodekey","throwable":""}
{"timestamp":"2023-12-06T15:58:29,713","container":"2f5527fd3dd0","level":"INFO","thread":"main","class":"RocksDBKeyValuePrivacyStorageFactory","message":"No existing private database detected at /opt/besu/data. Using version 1","throwable":""}
{"timestamp":"2023-12-06T15:58:31,265","container":"2f5527fd3dd0","level":"INFO","thread":"main","class":"ProtocolScheduleBuilder","message":"Protocol schedule created with milestones: [GrayGlacier: 0]","throwable":""}
{"timestamp":"2023-12-06T15:58:32,620","container":"2f5527fd3dd0","level":"INFO","thread":"main","class":"TransactionPoolFactory","message":"Enabling transaction pool","throwable":""}
{"timestamp":"2023-12-06T15:58:32,704","container":"2f5527fd3dd0","level":"INFO","thread":"main","class":"BesuControllerBuilder","message":"TTD difficulty is not present, creating initial sync phase for PoW","throwable":""}
{"timestamp":"2023-12-06T15:58:32,965","container":"2f5527fd3dd0","level":"INFO","thread":"main","class":"RunnerBuilder","message":"Detecting NAT service.","throwable":""}
{"timestamp":"2023-12-06T15:58:35,004","container":"2f5527fd3dd0","level":"INFO","thread":"main","class":"Runner","message":"Starting external services ... ","throwable":""}
{"timestamp":"2023-12-06T15:58:35,021","container":"2f5527fd3dd0","level":"INFO","thread":"main","class":"MetricsHttpService","message":"Starting metrics http service on 0.0.0.0:9545","throwable":""}
{"timestamp":"2023-12-06T15:58:36,428","container":"2f5527fd3dd0","level":"INFO","thread":"main","class":"JsonRpcHttpService","message":"Starting JSON-RPC service on 0.0.0.0:8545","throwable":""}
{"timestamp":"2023-12-06T15:58:36,444","container":"2f5527fd3dd0","level":"INFO","thread":"vert.x-eventloop-thread-2","class":"MetricsHttpService","message":"Metrics service started and listening on 0.0.0.0:9545","throwable":""}
{"timestamp":"2023-12-06T15:58:36,678","container":"2f5527fd3dd0","level":"INFO","thread":"vert.x-eventloop-thread-2","class":"JsonRpcHttpService","message":"JSON-RPC service started and listening on 0.0.0.0:8545","throwable":""}
{"timestamp":"2023-12-06T15:58:36,692","container":"2f5527fd3dd0","level":"INFO","thread":"main","class":"GraphQLHttpService","message":"Starting GraphQL HTTP service on 0.0.0.0:8547","throwable":""}
{"timestamp":"2023-12-06T15:58:36,704","container":"2f5527fd3dd0","level":"INFO","thread":"vert.x-eventloop-thread-2","class":"GraphQLHttpService","message":"GraphQL HTTP service started and listening on 0.0.0.0:8547","throwable":""}
{"timestamp":"2023-12-06T15:58:36,705","container":"2f5527fd3dd0","level":"INFO","thread":"main","class":"WebSocketService","message":"Starting Websocket service on 0.0.0.0:8546","throwable":""}
{"timestamp":"2023-12-06T15:58:36,716","container":"2f5527fd3dd0","level":"INFO","thread":"vert.x-eventloop-thread-2","class":"WebSocketService","message":"Websocket service started and listening on 0.0.0.0:8546","throwable":""}
{"timestamp":"2023-12-06T15:58:36,742","container":"2f5527fd3dd0","level":"INFO","thread":"main","class":"AutoTransactionLogBloomCachingService","message":"Starting auto transaction log bloom caching service.","throwable":""}
{"timestamp":"2023-12-06T15:58:36,748","container":"2f5527fd3dd0","level":"INFO","thread":"main","class":"LogBloomCacheMetadata","message":"Lookup cache metadata file in data directory: /opt/besu/data/caches","throwable":""}
{"timestamp":"2023-12-06T15:58:37,153","container":"2f5527fd3dd0","level":"INFO","thread":"main","class":"Runner","message":"Starting Ethereum main loop ... ","throwable":""}
{"timestamp":"2023-12-06T15:58:37,153","container":"2f5527fd3dd0","level":"INFO","thread":"main","class":"NatService","message":"No NAT environment detected so no service could be started","throwable":""}
{"timestamp":"2023-12-06T15:58:37,154","container":"2f5527fd3dd0","level":"INFO","thread":"main","class":"NetworkRunner","message":"Starting Network.","throwable":""}
{"timestamp":"2023-12-06T15:58:37,201","container":"2f5527fd3dd0","level":"INFO","thread":"nioEventLoopGroup-2-1","class":"RlpxAgent","message":"P2P RLPx agent started and listening on /0.0.0.0:30303.","throwable":""}
{"timestamp":"2023-12-06T15:58:37,206","container":"2f5527fd3dd0","level":"INFO","thread":"main","class":"PeerDiscoveryAgent","message":"Starting peer discovery agent on host=0.0.0.0, port=30303","throwable":""}
{"timestamp":"2023-12-06T15:58:37,439","container":"2f5527fd3dd0","level":"INFO","thread":"vert.x-eventloop-thread-2","class":"VertxPeerDiscoveryAgent","message":"Started peer discovery agent successfully, on effective host=0.0.0.0 and port=30303","throwable":""}
{"timestamp":"2023-12-06T15:58:37,446","container":"2f5527fd3dd0","level":"INFO","thread":"vert.x-eventloop-thread-2","class":"PeerDiscoveryAgent","message":"P2P peer discovery agent started and listening on /0.0.0.0:30303","throwable":""}
{"timestamp":"2023-12-06T15:58:37,724","container":"2f5527fd3dd0","level":"INFO","thread":"vert.x-eventloop-thread-2","class":"PeerDiscoveryAgent","message":"Writing node record to disk. NodeRecord{seq=1, publicKey=0x02af19c92deb635bd7720634de9b2e7908208530d6f5e96eee003a8f1799e5be40, udpAddress=Optional[/172.16.239.18:30303], tcpAddress=Optional[/172.16.239.18:30303], asBase64=-Je4QL1HgKu1E-60dkIFeLOOS5pBYhuMEBbDWEbgrpU-R5ciESOa84QMPWGGEYh3xRPyHPDZbC4InZVYVReUsn3TWDwBg2V0aMfGhMw13_-AgmlkgnY0gmlwhKwQ7xKJc2VjcDI1NmsxoQKvGckt62Nb13IGNN6bLnkIIIUw1vXpbu4AOo8XmeW-QIN0Y3CCdl-DdWRwgnZf, nodeId=0x7bdd9cf0154c19f388ab92cf401bdfcd9221cd790e7cd66eece303ed4d4b53b1, customFields={tcp=30303, udp=30303, ip=0xac10ef12, eth=[[0xcc35dfff, 0x]], id=V4, secp256k1=0x02af19c92deb635bd7720634de9b2e7908208530d6f5e96eee003a8f1799e5be40}}","throwable":""}
{"timestamp":"2023-12-06T15:58:37,842","container":"2f5527fd3dd0","level":"INFO","thread":"main","class":"DefaultP2PNetwork","message":"Enode URL enode://af19c92deb635bd7720634de9b2e7908208530d6f5e96eee003a8f1799e5be4037957d7e2fdbe3605e3a38dab05c961679c02133a0e624e23a72f7961e8af6ac@172.16.239.18:30303","throwable":""}
{"timestamp":"2023-12-06T15:58:37,849","container":"2f5527fd3dd0","level":"INFO","thread":"main","class":"DefaultP2PNetwork","message":"Node address 0x401bdfcd9221cd790e7cd66eece303ed4d4b53b1","throwable":""}
{"timestamp":"2023-12-06T15:58:38,164","container":"2f5527fd3dd0","level":"INFO","thread":"main","class":"NetworkRunner","message":"Supported capabilities: [eth/62, eth/63, eth/64, eth/65, eth/66, eth/67, eth/68], [istanbul/100], [snap/1]","throwable":""}
{"timestamp":"2023-12-06T15:58:38,188","container":"2f5527fd3dd0","level":"INFO","thread":"main","class":"DefaultSynchronizer","message":"Starting synchronizer.","throwable":""}
{"timestamp":"2023-12-06T15:58:38,248","container":"2f5527fd3dd0","level":"INFO","thread":"main","class":"TransactionPoolFactory","message":"Enabling transaction handling following initial sync","throwable":""}
{"timestamp":"2023-12-06T15:58:38,251","container":"2f5527fd3dd0","level":"INFO","thread":"main","class":"FullSyncDownloader","message":"Starting full sync.","throwable":""}
{"timestamp":"2023-12-06T15:58:38,256","container":"2f5527fd3dd0","level":"INFO","thread":"main","class":"FullSyncTargetManager","message":"Unable to find sync target. Currently checking 0 peers for usefulness","throwable":""}
{"timestamp":"2023-12-06T15:58:38,641","container":"2f5527fd3dd0","level":"INFO","thread":"main","class":"Runner","message":"Ethereum main loop is up.","throwable":""}
{"timestamp":"2023-12-06T15:58:40,314","container":"2f5527fd3dd0","level":"INFO","thread":"nioEventLoopGroup-3-2","class":"FullSyncTargetManager","message":"Unable to find sync target. Currently checking 1 peers for usefulness","throwable":""}
{"timestamp":"2023-12-06T15:58:41,415","container":"2f5527fd3dd0","level":"INFO","thread":"nioEventLoopGroup-3-9","class":"FullSyncTargetManager","message":"Unable to find sync target. Currently checking 2 peers for usefulness","throwable":""}
{"timestamp":"2023-12-06T15:58:42,959","container":"2f5527fd3dd0","level":"INFO","thread":"nioEventLoopGroup-3-3","class":"FullSyncTargetManager","message":"Unable to find sync target. Currently checking 3 peers for usefulness","throwable":""}
{"timestamp":"2023-12-06T15:58:43,346","container":"2f5527fd3dd0","level":"INFO","thread":"nioEventLoopGroup-3-7","class":"FullSyncTargetManager","message":"Unable to find sync target. Currently checking 5 peers for usefulness","throwable":""}
{"timestamp":"2023-12-06T15:58:43,426","container":"2f5527fd3dd0","level":"INFO","thread":"nioEventLoopGroup-3-6","class":"FullSyncTargetManager","message":"Unable to find sync target. Currently checking 6 peers for usefulness","throwable":""}
{"timestamp":"2023-12-06T15:58:43,515","container":"2f5527fd3dd0","level":"INFO","thread":"nioEventLoopGroup-3-2","class":"FullSyncTargetManager","message":"Unable to find sync target. Currently checking 7 peers for usefulness","throwable":""}
{"timestamp":"2023-12-06T15:58:48,525","container":"2f5527fd3dd0","level":"INFO","thread":"EthScheduler-Timer-0","class":"FullSyncTargetManager","message":"Unable to find sync target. Currently checking 7 peers for usefulness","throwable":""}
{"timestamp":"2023-12-06T15:58:51,805","container":"2f5527fd3dd0","level":"INFO","thread":"EthScheduler-Workers-0","class":"PersistBlockTask","message":"Imported #1 / 1 tx / 0 om / 21,000 (0.1%) gas / (0x9cd3767a980654a5dada37bc52f5e3fc2d6e31175efdd112403ed584ac0b6ac9) in 0.182s. Peers: 7","throwable":""}
{"timestamp":"2023-12-06T15:58:53,535","container":"2f5527fd3dd0","level":"INFO","thread":"EthScheduler-Timer-0","class":"FullSyncTargetManager","message":"Unable to find sync target. Currently checking 7 peers for usefulness","throwable":""}
{"timestamp":"2023-12-06T15:58:56,517","container":"2f5527fd3dd0","level":"INFO","thread":"EthScheduler-Workers-0","class":"PersistBlockTask","message":"Imported #2 / 0 tx / 0 om / 0 (0.0%) gas / (0x09b06d69322e6b2f8a2089576e2bdd79c9b8c7a0634c3d299b366a4ae03983fe) in 0.071s. Peers: 7","throwable":""}
{"timestamp":"2023-12-06T15:59:01,243","container":"2f5527fd3dd0","level":"INFO","thread":"EthScheduler-Workers-0","class":"PersistBlockTask","message":"Imported #3 / 0 tx / 0 om / 0 (0.0%) gas / (0x16fdd460c67a82160988f92c17a680d8dc7da654d6c0d720f5fb8cc05a1a787b) in 0.048s. Peers: 7","throwable":""}
{"timestamp":"2023-12-06T15:59:07,257","container":"2f5527fd3dd0","level":"INFO","thread":"EthScheduler-Workers-0","class":"PersistBlockTask","message":"Imported #4 / 1 tx / 0 om / 21,488 (0.1%) gas / (0x2571018213b30ece83b0820ec01fd7128de7c61d0b736d8ca6fe5c78e4ae8909) in 1.008s. Peers: 7","throwable":""}
{"timestamp":"2023-12-06T15:59:11,185","container":"2f5527fd3dd0","level":"INFO","thread":"EthScheduler-Workers-0","class":"PersistBlockTask","message":"Imported #5 / 0 tx / 0 om / 0 (0.0%) gas / (0x9eaa33729ff350ac5311e88fc18f00d5bdb80455c5cb28b02231b9a001ebc9ad) in 0.022s. Peers: 7","throwable":""}
{"timestamp":"2023-12-06T15:59:16,213","container":"2f5527fd3dd0","level":"INFO","thread":"EthScheduler-Workers-0","class":"PersistBlockTask","message":"Imported #6 / 0 tx / 0 om / 0 (0.0%) gas / (0x5e6b628a291ffdb7d538fde9839b9a445616f79011df23f389dbfdb6e16e32d8) in 0.059s. Peers: 7","throwable":""}
{"timestamp":"2023-12-06T15:59:21,121","container":"2f5527fd3dd0","level":"INFO","thread":"EthScheduler-Workers-0","class":"PersistBlockTask","message":"Imported #7 / 0 tx / 0 om / 0 (0.0%) gas / (0xd89e05eb90ebf744f81fc2caa69f3caf6dd9a793371dc2d231119211f3b8f165) in 0.040s. Peers: 7","throwable":""}
{"timestamp":"2023-12-06T15:59:26,136","container":"2f5527fd3dd0","level":"INFO","thread":"EthScheduler-Workers-0","class":"PersistBlockTask","message":"Imported #8 / 0 tx / 0 om / 0 (0.0%) gas / (0xc4b6eecc94e58fe02ac3456f0d62cf18a8809235ac1f5d95f1fb897ce3b30644) in 0.024s. Peers: 7","throwable":""}
{"timestamp":"2023-12-06T15:59:31,278","container":"2f5527fd3dd0","level":"INFO","thread":"EthScheduler-Workers-0","class":"PersistBlockTask","message":"Imported #9 / 1 tx / 0 om / 21,512 (0.1%) gas / (0xce5c59bd81f2cfd67b75f3506fdcb801e60f3f54d304f8c6119ff6ef3919fc04) in 0.157s. Peers: 7","throwable":""}
{"timestamp":"2023-12-06T15:59:36,323","container":"2f5527fd3dd0","level":"INFO","thread":"EthScheduler-Workers-0","class":"PersistBlockTask","message":"Imported #10 / 1 tx / 0 om / 21,512 (0.1%) gas / (0x09cb7f25f6fb94af7b6a1a3495f6ae437eefbbb8e395b93d39a9aa676f720e9f) in 0.104s. Peers: 7","throwable":""}
{"timestamp":"2023-12-06T15:59:41,126","container":"2f5527fd3dd0","level":"INFO","thread":"EthScheduler-Workers-0","class":"PersistBlockTask","message":"Imported #11 / 0 tx / 0 om / 0 (0.0%) gas / (0x75108e860b46659be00738149c3686edace2eefdb08d0f1b6364bbeaebb87ed1) in 0.021s. Peers: 7","throwable":""}
{"timestamp":"2023-12-06T15:59:46,145","container":"2f5527fd3dd0","level":"INFO","thread":"EthScheduler-Workers-0","class":"PersistBlockTask","message":"Imported #12 / 0 tx / 0 om / 0 (0.0%) gas / (0xf8465fe75f359990bc73436a70d6b8dc6a0d45422c1755fad5721c376a9644c5) in 0.034s. Peers: 7","throwable":""}
{"timestamp":"2023-12-06T15:59:51,148","container":"2f5527fd3dd0","level":"INFO","thread":"EthScheduler-Workers-0","class":"PersistBlockTask","message":"Imported #13 / 0 tx / 0 om / 0 (0.0%) gas / (0x72e573781552298c5827b206397cb5ca13eb45c3d8ddb07c496b87280175008f) in 0.011s. Peers: 7","throwable":""}
{"timestamp":"2023-12-06T15:59:56,185","container":"2f5527fd3dd0","level":"INFO","thread":"EthScheduler-Workers-0","class":"PersistBlockTask","message":"Imported #14 / 0 tx / 0 om / 0 (0.0%) gas / (0x8bedcbaa0b7f4b4d384c03feca289f38696017724a0c60b0bc8379393a2ea746) in 0.012s. Peers: 7","throwable":""}
{"timestamp":"2023-12-06T16:00:01,193","container":"2f5527fd3dd0","level":"INFO","thread":"EthScheduler-Workers-0","class":"PersistBlockTask","message":"Imported #15 / 1 tx / 0 om / 21,512 (0.1%) gas / (0xf14caa750b0efb9d3a06fd5f1d5bb847d7586182be23e9cf92c8096b51bbb080) in 0.067s. Peers: 7","throwable":""}
{"timestamp":"2023-12-06T16:00:06,315","container":"2f5527fd3dd0","level":"INFO","thread":"EthScheduler-Workers-0","class":"PersistBlockTask","message":"Imported #16 / 1 tx / 0 om / 21,512 (0.1%) gas / (0x29fd3616cc3f59e37a29fbc6d762adcd9b5856a2d2f8b03ddb878edf23b99b24) in 0.183s. Peers: 7","throwable":""}
{"timestamp":"2023-12-06T16:00:11,159","container":"2f5527fd3dd0","level":"INFO","thread":"EthScheduler-Workers-0","class":"PersistBlockTask","message":"Imported #17 / 1 tx / 0 om / 21,512 (0.1%) gas / (0x103b7c7fe5bf4de54a6a58648946e1b9130db7238c201ef0028a4231fa8e0445) in 0.072s. Peers: 7","throwable":""}
{"timestamp":"2023-12-06T16:00:16,126","container":"2f5527fd3dd0","level":"INFO","thread":"EthScheduler-Workers-0","class":"PersistBlockTask","message":"Imported #18 / 0 tx / 0 om / 0 (0.0%) gas / (0x98f69270ad67cacd1ff0190942fd6b5f3648d85bb270f1f82e78e96bbe6ad9ab) in 0.018s. Peers: 7","throwable":""}
{"timestamp":"2023-12-06T16:00:21,154","container":"2f5527fd3dd0","level":"INFO","thread":"EthScheduler-Workers-0","class":"PersistBlockTask","message":"Imported #19 / 0 tx / 0 om / 0 (0.0%) gas / (0x80f25e1338287010b85746a8bfa88961c2cbdcc1ee34c1cbf897a24b06877fe0) in 0.007s. Peers: 7","throwable":""}
{"timestamp":"2023-12-06T16:00:26,084","container":"2f5527fd3dd0","level":"INFO","thread":"EthScheduler-Workers-0","class":"PersistBlockTask","message":"Imported #20 / 0 tx / 0 om / 0 (0.0%) gas / (0xebe1a247ce7ee41ec34be0510f3bfeed640159e2021a23f1e25ad2cd46b577bd) in 0.012s. Peers: 7","throwable":""}
{"timestamp":"2023-12-06T16:00:31,088","container":"2f5527fd3dd0","level":"INFO","thread":"EthScheduler-Workers-0","class":"PersistBlockTask","message":"Imported #21 / 0 tx / 0 om / 0 (0.0%) gas / (0xe1ee8790524299b1f48001570f0375b61165fce7193b8672692205791f3df128) in 0.019s. Peers: 7","throwable":""}
{"timestamp":"2023-12-06T16:00:36,116","container":"2f5527fd3dd0","level":"INFO","thread":"EthScheduler-Workers-0","class":"PersistBlockTask","message":"Imported #22 / 0 tx / 0 om / 0 (0.0%) gas / (0xdb94eca12fc1dc2655faa87a35968d07758aab43426778b4798c0d752ac3925c) in 0.016s. Peers: 7","throwable":""}
{"timestamp":"2023-12-06T16:00:41,131","container":"2f5527fd3dd0","level":"INFO","thread":"EthScheduler-Workers-0","class":"PersistBlockTask","message":"Imported #23 / 0 tx / 0 om / 0 (0.0%) gas / (0x49bceb568eae0f86955072042cf44b63363a4bbce4aa2bd4d7230ebdd743cc06) in 0.008s. Peers: 7","throwable":""}
{"timestamp":"2023-12-06T16:00:46,103","container":"2f5527fd3dd0","level":"INFO","thread":"EthScheduler-Workers-0","class":"PersistBlockTask","message":"Imported #24 / 0 tx / 0 om / 0 (0.0%) gas / (0xff4583d14a5d40d1806b139f7534a4b93f7bc9b6639c60d368ffd7161c05bcac) in 0.009s. Peers: 7","throwable":""}
{"timestamp":"2023-12-06T16:00:51,066","container":"2f5527fd3dd0","level":"INFO","thread":"EthScheduler-Workers-0","class":"PersistBlockTask","message":"Imported #25 / 0 tx / 0 om / 0 (0.0%) gas / (0x240298f33234acdb8f874839fec6b3e07f65cb52e9eb4a871adbce169e512011) in 0.004s. Peers: 7","throwable":""}
{"timestamp":"2023-12-06T16:00:56,098","container":"2f5527fd3dd0","level":"INFO","thread":"EthScheduler-Workers-0","class":"PersistBlockTask","message":"Imported #26 / 0 tx / 0 om / 0 (0.0%) gas / (0x3956bd1f9508cfb9f0d0217aa74e5be22b932cea5ed665e4882022d9137465ff) in 0.010s. Peers: 7","throwable":""}
{"timestamp":"2023-12-06T16:01:01,060","container":"2f5527fd3dd0","level":"INFO","thread":"EthScheduler-Workers-0","class":"PersistBlockTask","message":"Imported #27 / 0 tx / 0 om / 0 (0.0%) gas / (0x189c9bf638a14d05ebc907e779383a55e294c4d84b5235dce3553ad0c0308c00) in 0.010s. Peers: 7","throwable":""}
{"timestamp":"2023-12-06T16:01:06,102","container":"2f5527fd3dd0","level":"INFO","thread":"EthScheduler-Workers-0","class":"PersistBlockTask","message":"Imported #28 / 0 tx / 0 om / 0 (0.0%) gas / (0x650cab052f9d8191efd509924855570521fbbbd52896eca2eb266bbb981a1d0c) in 0.029s. Peers: 7","throwable":""}
{"timestamp":"2023-12-06T16:01:11,118","container":"2f5527fd3dd0","level":"INFO","thread":"EthScheduler-Workers-0","class":"PersistBlockTask","message":"Imported #29 / 0 tx / 0 om / 0 (0.0%) gas / (0x19711304a528cd7f78ee0de01cca2d28f1e2e7d49def1851e1273fe1cbb002ce) in 0.025s. Peers: 7","throwable":""}
{"timestamp":"2023-12-06T16:01:16,118","container":"2f5527fd3dd0","level":"INFO","thread":"EthScheduler-Workers-0","class":"PersistBlockTask","message":"Imported #30 / 0 tx / 0 om / 0 (0.0%) gas / (0x5e976608c42a3c0d4e7b6ca5f5716ac4835cbc0d72a7b4038d107add99d176b9) in 0.018s. Peers: 7","throwable":""}
{"timestamp":"2023-12-06T16:01:21,090","container":"2f5527fd3dd0","level":"INFO","thread":"EthScheduler-Workers-0","class":"PersistBlockTask","message":"Imported #31 / 0 tx / 0 om / 0 (0.0%) gas / (0x7e369234559848a8561471382edf67a7076dc7718173f9d7a8b6cb2cdc143991) in 0.048s. Peers: 7","throwable":""}
{"timestamp":"2023-12-06T16:01:26,152","container":"2f5527fd3dd0","level":"INFO","thread":"EthScheduler-Workers-0","class":"PersistBlockTask","message":"Imported #32 / 0 tx / 0 om / 0 (0.0%) gas / (0xf1f5206ab236ab872faa285d25e7ecdd8f130b913a1ae19cfc6ad31359542efb) in 0.006s. Peers: 7","throwable":""}
{"timestamp":"2023-12-06T16:01:31,128","container":"2f5527fd3dd0","level":"INFO","thread":"EthScheduler-Workers-0","class":"PersistBlockTask","message":"Imported #33 / 0 tx / 0 om / 0 (0.0%) gas / (0x1127ab13b7012838ca8b27a318d3f9edbef9dfdb21102cfcb718d9cb19bdbf05) in 0.007s. Peers: 7","throwable":""}
{"timestamp":"2023-12-06T16:01:36,136","container":"2f5527fd3dd0","level":"INFO","thread":"EthScheduler-Workers-0","class":"PersistBlockTask","message":"Imported #34 / 0 tx / 0 om / 0 (0.0%) gas / (0x30737669d5171e8afadf51d4c463b10173a1d4cba9231e7284379ae06283d2e9) in 0.005s. Peers: 7","throwable":""}
{"timestamp":"2023-12-06T16:01:41,171","container":"2f5527fd3dd0","level":"INFO","thread":"EthScheduler-Workers-0","class":"PersistBlockTask","message":"Imported #35 / 0 tx / 0 om / 0 (0.0%) gas / (0xbeed59423d89d65fbc0784dd58c2efd61d5a2d0c90d59dfa603386d49db3d8a8) in 0.027s. Peers: 7","throwable":""}
{"timestamp":"2023-12-06T16:01:46,152","container":"2f5527fd3dd0","level":"INFO","thread":"EthScheduler-Workers-0","class":"PersistBlockTask","message":"Imported #36 / 0 tx / 0 om / 0 (0.0%) gas / (0xa8bfac9243bcc9debcd99e3ef4a1af7ab88fdd815f5a3cfbe39c9e48d3846e96) in 0.005s. Peers: 7","throwable":""}
{"timestamp":"2023-12-06T16:01:51,122","container":"2f5527fd3dd0","level":"INFO","thread":"EthScheduler-Workers-0","class":"PersistBlockTask","message":"Imported #37 / 0 tx / 0 om / 0 (0.0%) gas / (0x901a813413c7bea81a36fd6e1a1206dc0c7f5a4d68dc7ccbc8a1a805897f4da7) in 0.044s. Peers: 7","throwable":""}
{"timestamp":"2023-12-06T16:01:56,125","container":"2f5527fd3dd0","level":"INFO","thread":"EthScheduler-Workers-0","class":"PersistBlockTask","message":"Imported #38 / 0 tx / 0 om / 0 (0.0%) gas / (0x7126b663c83ede7ec181cb944185f487edb9db71f9f4655537438bc66a8c72c0) in 0.010s. Peers: 7","throwable":""}
{"timestamp":"2023-12-06T16:02:01,287","container":"2f5527fd3dd0","level":"INFO","thread":"EthScheduler-Workers-0","class":"PersistBlockTask","message":"Imported #39 / 0 tx / 0 om / 0 (0.0%) gas / (0x34649468c4af95e8078b102b6002a3718b2e15d2c794f661238cd127f512a173) in 0.035s. Peers: 7","throwable":""}
{"timestamp":"2023-12-06T16:02:06,098","container":"2f5527fd3dd0","level":"INFO","thread":"EthScheduler-Workers-0","class":"PersistBlockTask","message":"Imported #40 / 0 tx / 0 om / 0 (0.0%) gas / (0xb67c4ac58271b7bc68ec8d780c970382caa91c38f7b1811a3f5d5c8d17b4c019) in 0.012s. Peers: 7","throwable":""}
{"timestamp":"2023-12-06T16:02:11,116","container":"2f5527fd3dd0","level":"INFO","thread":"EthScheduler-Workers-0","class":"PersistBlockTask","message":"Imported #41 / 0 tx / 0 om / 0 (0.0%) gas / (0x59f16a17f7633fd3c1fd58a0201623faf476e89ed187723f82f532b45e6714e4) in 0.007s. Peers: 7","throwable":""}
{"timestamp":"2023-12-06T16:02:16,130","container":"2f5527fd3dd0","level":"INFO","thread":"EthScheduler-Workers-0","class":"PersistBlockTask","message":"Imported #42 / 0 tx / 0 om / 0 (0.0%) gas / (0xfc5ada5aff513a71146d6bccbbf97cc833761c1e11a614454a2a700e08c78adf) in 0.006s. Peers: 7","throwable":""}
{"timestamp":"2023-12-06T16:02:21,111","container":"2f5527fd3dd0","level":"INFO","thread":"EthScheduler-Workers-0","class":"PersistBlockTask","message":"Imported #43 / 0 tx / 0 om / 0 (0.0%) gas / (0xd59f68c59ce1c6fa7788e6e632eec835a6572ba6847c268cdd1070756ef29dd4) in 0.025s. Peers: 7","throwable":""}
{"timestamp":"2023-12-06T16:02:26,093","container":"2f5527fd3dd0","level":"INFO","thread":"EthScheduler-Workers-0","class":"PersistBlockTask","message":"Imported #44 / 0 tx / 0 om / 0 (0.0%) gas / (0x28742dd6014b1e9998fe374e3e990dd5aef38a443a7c0764a66e16de1f02bc5f) in 0.008s. Peers: 7","throwable":""}
{"timestamp":"2023-12-06T16:02:31,113","container":"2f5527fd3dd0","level":"INFO","thread":"EthScheduler-Workers-0","class":"PersistBlockTask","message":"Imported #45 / 0 tx / 0 om / 0 (0.0%) gas / (0x877f841602c681f9a2f01417264dcff0336d61c5d213640947fecdafd5ce2029) in 0.008s. Peers: 7","throwable":""}
{"timestamp":"2023-12-06T16:02:36,105","container":"2f5527fd3dd0","level":"INFO","thread":"EthScheduler-Workers-0","class":"PersistBlockTask","message":"Imported #46 / 0 tx / 0 om / 0 (0.0%) gas / (0x7b44e3fd61e017f811dce19c825b8a3dbd3c3161c455b1df865db55cb3064c83) in 0.008s. Peers: 7","throwable":""}
{"timestamp":"2023-12-06T16:02:41,118","container":"2f5527fd3dd0","level":"INFO","thread":"EthScheduler-Workers-0","class":"PersistBlockTask","message":"Imported #47 / 0 tx / 0 om / 0 (0.0%) gas / (0x44d077c3492c129ef0cc5be490900f002a8cd387dec55fcdf6e131ff9f40d5e3) in 0.022s. Peers: 7","throwable":""}
{"timestamp":"2023-12-06T16:02:46,120","container":"2f5527fd3dd0","level":"INFO","thread":"EthScheduler-Workers-0","class":"PersistBlockTask","message":"Imported #48 / 0 tx / 0 om / 0 (0.0%) gas / (0x8e0daed31a97d689a00362f3c70fc547b587a76cfa571ffe6c1b586c0fb44680) in 0.011s. Peers: 7","throwable":""}
{"timestamp":"2023-12-06T16:02:51,099","container":"2f5527fd3dd0","level":"INFO","thread":"EthScheduler-Workers-0","class":"PersistBlockTask","message":"Imported #49 / 0 tx / 0 om / 0 (0.0%) gas / (0x8e26a3891833a2ce22d6747cadd7782d364452e02466e4ccfc1f06abb5bfdf99) in 0.015s. Peers: 7","throwable":""}
{"timestamp":"2023-12-06T16:02:56,155","container":"2f5527fd3dd0","level":"INFO","thread":"EthScheduler-Workers-0","class":"PersistBlockTask","message":"Imported #50 / 0 tx / 0 om / 0 (0.0%) gas / (0x4906ab09d1ffd2e12d48b3f085dea22e5c077a3e35f5b8a774a06df8cc196f11) in 0.013s. Peers: 7","throwable":""}
{"timestamp":"2023-12-06T16:03:01,087","container":"2f5527fd3dd0","level":"INFO","thread":"EthScheduler-Workers-0","class":"PersistBlockTask","message":"Imported #51 / 0 tx / 0 om / 0 (0.0%) gas / (0xec4f40e1966ecf80aa5f9ef8eeec554ea42c474b68ebeb5fb2992b768e42278b) in 0.017s. Peers: 7","throwable":""}
{"timestamp":"2023-12-06T16:03:06,236","container":"2f5527fd3dd0","level":"INFO","thread":"EthScheduler-Workers-0","class":"PersistBlockTask","message":"Imported #52 / 0 tx / 0 om / 0 (0.0%) gas / (0xc4ab07a951c3d22095f7ea36087018f5e381e13174ad6a5997a0231f5252d1e3) in 0.056s. Peers: 7","throwable":""}
{"timestamp":"2023-12-06T16:03:11,084","container":"2f5527fd3dd0","level":"INFO","thread":"EthScheduler-Workers-0","class":"PersistBlockTask","message":"Imported #53 / 0 tx / 0 om / 0 (0.0%) gas / (0xa6e352837614ab591a63b6d115544ca5830b3c67662b936a4f9b3fa5b4d0898c) in 0.007s. Peers: 7","throwable":""}
{"timestamp":"2023-12-06T16:03:16,111","container":"2f5527fd3dd0","level":"INFO","thread":"EthScheduler-Workers-0","class":"PersistBlockTask","message":"Imported #54 / 0 tx / 0 om / 0 (0.0%) gas / (0x0841c1c4ef4cdc583b777aeb9834d1c9e7245f6d992850e34297fbd7b7b36401) in 0.009s. Peers: 7","throwable":""}
{"timestamp":"2023-12-06T16:03:21,080","container":"2f5527fd3dd0","level":"INFO","thread":"EthScheduler-Workers-0","class":"PersistBlockTask","message":"Imported #55 / 0 tx / 0 om / 0 (0.0%) gas / (0xca0457cfe99a0223937e4641ac7471a68bdfeb4dd940aca011f8626ecf92a0bf) in 0.008s. Peers: 7","throwable":""}
{"timestamp":"2023-12-06T16:03:26,078","container":"2f5527fd3dd0","level":"INFO","thread":"EthScheduler-Workers-0","class":"PersistBlockTask","message":"Imported #56 / 0 tx / 0 om / 0 (0.0%) gas / (0xe54866c54397c33a0d9738806d52c7187526d71e575d8dc38718894a32e9e9ba) in 0.015s. Peers: 7","throwable":""}
{"timestamp":"2023-12-06T16:03:31,152","container":"2f5527fd3dd0","level":"INFO","thread":"EthScheduler-Workers-0","class":"PersistBlockTask","message":"Imported #57 / 0 tx / 0 om / 0 (0.0%) gas / (0xa4b8f1e221a8d7c3d3977904af80783a20614d93af29e7eebac71600309b2d2e) in 0.010s. Peers: 7","throwable":""}
{"timestamp":"2023-12-06T16:03:36,150","container":"2f5527fd3dd0","level":"INFO","thread":"EthScheduler-Workers-0","class":"PersistBlockTask","message":"Imported #58 / 0 tx / 0 om / 0 (0.0%) gas / (0x4394c6345654ed491067f436a9c69aecd7a87a39afb455a0a3f242a50a097565) in 0.021s. Peers: 7","throwable":""}
{"timestamp":"2023-12-06T16:03:41,139","container":"2f5527fd3dd0","level":"INFO","thread":"EthScheduler-Workers-0","class":"PersistBlockTask","message":"Imported #59 / 0 tx / 0 om / 0 (0.0%) gas / (0xa9a4b7748e388f96be379f65dfdffff4adb799d50be073ae556a04da79163e29) in 0.016s. Peers: 7","throwable":""}
{"timestamp":"2023-12-06T16:03:46,144","container":"2f5527fd3dd0","level":"INFO","thread":"EthScheduler-Workers-0","class":"PersistBlockTask","message":"Imported #60 / 0 tx / 0 om / 0 (0.0%) gas / (0xc5f7b612de21bd9d73456db62f94b658f36b1216edcdf6a58e0c9b578a18abf6) in 0.018s. Peers: 7","throwable":""}
{"timestamp":"2023-12-06T16:03:51,131","container":"2f5527fd3dd0","level":"INFO","thread":"EthScheduler-Workers-0","class":"PersistBlockTask","message":"Imported #61 / 0 tx / 0 om / 0 (0.0%) gas / (0x1297f2747ab7433eb470e7fc3f065ea906b253b219dbba56958b84cbdf46c4ef) in 0.022s. Peers: 7","throwable":""}
{"timestamp":"2023-12-06T16:03:56,167","container":"2f5527fd3dd0","level":"INFO","thread":"EthScheduler-Workers-0","class":"PersistBlockTask","message":"Imported #62 / 0 tx / 0 om / 0 (0.0%) gas / (0x090e3da5e48b168be73a21bbfa9546c223b4bd4e85a2c0f4f8c1fd2be4b51de5) in 0.011s. Peers: 7","throwable":""}
{"timestamp":"2023-12-06T16:04:01,104","container":"2f5527fd3dd0","level":"INFO","thread":"EthScheduler-Workers-0","class":"PersistBlockTask","message":"Imported #63 / 0 tx / 0 om / 0 (0.0%) gas / (0x838d11d95b3c861ba862d448dfe7fcf90bc603969e06c8745e26689e3806b1d4) in 0.011s. Peers: 7","throwable":""}
{"timestamp":"2023-12-06T16:04:06,127","container":"2f5527fd3dd0","level":"INFO","thread":"EthScheduler-Workers-0","class":"PersistBlockTask","message":"Imported #64 / 0 tx / 0 om / 0 (0.0%) gas / (0xb1c4cc0c3c05f65c2642b4386d7155a58ddfa30ae0dcafbc4ae4411c7fa2c25e) in 0.016s. Peers: 7","throwable":""}
{"timestamp":"2023-12-06T16:04:11,264","container":"2f5527fd3dd0","level":"INFO","thread":"EthScheduler-Workers-0","class":"PersistBlockTask","message":"Imported #65 / 0 tx / 0 om / 0 (0.0%) gas / (0xa11e7f7ecb5d493a9a7b5a84a503ceac6659a59342172b0c971deea75fea7b25) in 0.014s. Peers: 7","throwable":""}
{"timestamp":"2023-12-06T16:04:16,072","container":"2f5527fd3dd0","level":"INFO","thread":"EthScheduler-Workers-0","class":"PersistBlockTask","message":"Imported #66 / 0 tx / 0 om / 0 (0.0%) gas / (0x7c5de913f7c4ac10aa66b8107e492a688b4fa2b5d40eadffcd87e6ef34322d4d) in 0.009s. Peers: 7","throwable":""}
{"timestamp":"2023-12-06T16:04:21,103","container":"2f5527fd3dd0","level":"INFO","thread":"EthScheduler-Workers-0","class":"PersistBlockTask","message":"Imported #67 / 0 tx / 0 om / 0 (0.0%) gas / (0x8689a8f89857a71e3c627ff89967915b2b603d47e514b7a1873ee0db706e15b7) in 0.002s. Peers: 7","throwable":""}
{"timestamp":"2023-12-06T16:04:26,093","container":"2f5527fd3dd0","level":"INFO","thread":"EthScheduler-Workers-0","class":"PersistBlockTask","message":"Imported #68 / 0 tx / 0 om / 0 (0.0%) gas / (0x43abba9afcd40af3978927f2e4e5a4b62853616f310376e0fb8fa06ecffb1ed4) in 0.011s. Peers: 7","throwable":""}
{"timestamp":"2023-12-06T16:04:31,093","container":"2f5527fd3dd0","level":"INFO","thread":"EthScheduler-Workers-0","class":"PersistBlockTask","message":"Imported #69 / 0 tx / 0 om / 0 (0.0%) gas / (0x6b5a356f6c537bd8ead40a83d64eb4abc25d2e3d1e6a02d3253c00e618264e09) in 0.009s. Peers: 7","throwable":""}
{"timestamp":"2023-12-06T16:04:36,173","container":"2f5527fd3dd0","level":"INFO","thread":"EthScheduler-Workers-0","class":"PersistBlockTask","message":"Imported #70 / 0 tx / 0 om / 0 (0.0%) gas / (0xfbb103b21afc3e835263d253c5c64519cbf5e63d323adc5b037d89de88e9a1c0) in 0.008s. Peers: 7","throwable":""}
{"timestamp":"2023-12-06T16:04:41,065","container":"2f5527fd3dd0","level":"INFO","thread":"EthScheduler-Workers-0","class":"PersistBlockTask","message":"Imported #71 / 0 tx / 0 om / 0 (0.0%) gas / (0xb545f772fcc78ad08aa632af85978d7944bb17aea721266d268174cf5a07451e) in 0.024s. Peers: 7","throwable":""}
{"timestamp":"2023-12-06T16:04:46,050","container":"2f5527fd3dd0","level":"INFO","thread":"EthScheduler-Workers-0","class":"PersistBlockTask","message":"Imported #72 / 0 tx / 0 om / 0 (0.0%) gas / (0x652dccb403507d8f53ec0ead8f27f9b69b5856536693e1133cb332798eb430cf) in 0.008s. Peers: 7","throwable":""}
{"timestamp":"2023-12-06T16:04:51,103","container":"2f5527fd3dd0","level":"INFO","thread":"EthScheduler-Workers-0","class":"PersistBlockTask","message":"Imported #73 / 0 tx / 0 om / 0 (0.0%) gas / (0x8c2e9f62ee68ddc7d34e0d44a90b797bf27d43cc2af402153df8287bb92fbd30) in 0.013s. Peers: 7","throwable":""}
{"timestamp":"2023-12-06T16:04:56,157","container":"2f5527fd3dd0","level":"INFO","thread":"EthScheduler-Workers-0","class":"PersistBlockTask","message":"Imported #74 / 0 tx / 0 om / 0 (0.0%) gas / (0x7505967d238e37c2a6f79e63d84ae63ecfdb38b053c7fd4faa3adad01527ddd4) in 0.030s. Peers: 7","throwable":""}
{"timestamp":"2023-12-06T16:05:01,089","container":"2f5527fd3dd0","level":"INFO","thread":"EthScheduler-Workers-0","class":"PersistBlockTask","message":"Imported #75 / 0 tx / 0 om / 0 (0.0%) gas / (0x6b46ce6888200619f7dfae3be9d71a07a031d9d39d5c3f509744b5e2c14b2e17) in 0.010s. Peers: 7","throwable":""}
{"timestamp":"2023-12-06T16:05:06,101","container":"2f5527fd3dd0","level":"INFO","thread":"EthScheduler-Workers-0","class":"PersistBlockTask","message":"Imported #76 / 0 tx / 0 om / 0 (0.0%) gas / (0xc6328e6edf3107915fa0457a866d1b2ba5a6b3d0fd7dbb0ceda4d457afe9330f) in 0.029s. Peers: 7","throwable":""}
{"timestamp":"2023-12-06T16:05:11,101","container":"2f5527fd3dd0","level":"INFO","thread":"EthScheduler-Workers-0","class":"PersistBlockTask","message":"Imported #77 / 0 tx / 0 om / 0 (0.0%) gas / (0xb6f04421d1688d6a7627d258893c71883f47c674f3242257def5d0b04dd29ccb) in 0.008s. Peers: 7","throwable":""}
{"timestamp":"2023-12-06T16:05:16,075","container":"2f5527fd3dd0","level":"INFO","thread":"EthScheduler-Workers-0","class":"PersistBlockTask","message":"Imported #78 / 0 tx / 0 om / 0 (0.0%) gas / (0x796df3b0690c3f1e56342f25ae99e4e4cb3c68d55665521fbde8d615fd7976de) in 0.006s. Peers: 7","throwable":""}
{"timestamp":"2023-12-06T16:05:21,088","container":"2f5527fd3dd0","level":"INFO","thread":"EthScheduler-Workers-0","class":"PersistBlockTask","message":"Imported #79 / 0 tx / 0 om / 0 (0.0%) gas / (0x6cb5f0c0590b60626e192e7906712789de1f64bfbe38167ef786c429196cfbda) in 0.009s. Peers: 7","throwable":""}
{"timestamp":"2023-12-06T16:05:26,086","container":"2f5527fd3dd0","level":"INFO","thread":"EthScheduler-Workers-0","class":"PersistBlockTask","message":"Imported #80 / 0 tx / 0 om / 0 (0.0%) gas / (0x2720ed2b354e69182d40b672fddc5c136ffc3e8308483f975ec06b01738bad11) in 0.008s. Peers: 7","throwable":""}
{"timestamp":"2023-12-06T16:05:31,092","container":"2f5527fd3dd0","level":"INFO","thread":"EthScheduler-Workers-0","class":"PersistBlockTask","message":"Imported #81 / 0 tx / 0 om / 0 (0.0%) gas / (0x0bd6298d2032c7da552286c9dd72ab9fd2185b3d78fe22459d9d0b5e9318cbff) in 0.017s. Peers: 7","throwable":""}
{"timestamp":"2023-12-06T16:05:36,109","container":"2f5527fd3dd0","level":"INFO","thread":"EthScheduler-Workers-0","class":"PersistBlockTask","message":"Imported #82 / 0 tx / 0 om / 0 (0.0%) gas / (0x75e52f11d90455f3ead916ac5cdc7a40a330b759275d220026473b5d4eba1ced) in 0.017s. Peers: 7","throwable":""}
{"timestamp":"2023-12-06T16:05:41,098","container":"2f5527fd3dd0","level":"INFO","thread":"EthScheduler-Workers-0","class":"PersistBlockTask","message":"Imported #83 / 0 tx / 0 om / 0 (0.0%) gas / (0x2f2262cfab0e0ba64a024632c589d2ef95a3531be2bd31f93753ad2ca8c55d12) in 0.016s. Peers: 7","throwable":""}
{"timestamp":"2023-12-06T16:05:46,072","container":"2f5527fd3dd0","level":"INFO","thread":"EthScheduler-Workers-0","class":"PersistBlockTask","message":"Imported #84 / 0 tx / 0 om / 0 (0.0%) gas / (0x0a9f300fcc862359f5bb547bbc0b21c1469bf8704b1f5092a72cdba90c6c26b0) in 0.020s. Peers: 7","throwable":""}
{"timestamp":"2023-12-06T16:05:51,061","container":"2f5527fd3dd0","level":"INFO","thread":"EthScheduler-Workers-0","class":"PersistBlockTask","message":"Imported #85 / 0 tx / 0 om / 0 (0.0%) gas / (0x9e79053e471d3466609452ac45a1ba28ab65ea355f1a33eae7345ce5646f6c6e) in 0.011s. Peers: 7","throwable":""}
{"timestamp":"2023-12-06T16:05:56,089","container":"2f5527fd3dd0","level":"INFO","thread":"EthScheduler-Workers-0","class":"PersistBlockTask","message":"Imported #86 / 0 tx / 0 om / 0 (0.0%) gas / (0xe9b6a2b034ea270654ed816806ed2ffca4f8e665e87bb89a1bdd99dceacf7de4) in 0.014s. Peers: 7","throwable":""}
{"timestamp":"2023-12-06T16:06:01,183","container":"2f5527fd3dd0","level":"INFO","thread":"EthScheduler-Workers-0","class":"PersistBlockTask","message":"Imported #87 / 0 tx / 0 om / 0 (0.0%) gas / (0x27dbfa7a4b7f17b2d1c84ae5ad0c3953171d000a94bdde91c55f671386865a2c) in 0.007s. Peers: 7","throwable":""}
{"timestamp":"2023-12-06T16:06:06,098","container":"2f5527fd3dd0","level":"INFO","thread":"EthScheduler-Workers-0","class":"PersistBlockTask","message":"Imported #88 / 0 tx / 0 om / 0 (0.0%) gas / (0xeb6d47ebc69724acbf2068c099def4f14fcb3d5f7b55c6868c52ea2ea50233fd) in 0.013s. Peers: 7","throwable":""}
{"timestamp":"2023-12-06T16:06:11,105","container":"2f5527fd3dd0","level":"INFO","thread":"EthScheduler-Workers-0","class":"PersistBlockTask","message":"Imported #89 / 0 tx / 0 om / 0 (0.0%) gas / (0x48d1a21ad5edddcf6dc29ebabadaadd9eb05f843147d7b1985ba49d8da6191f9) in 0.013s. Peers: 7","throwable":""}
{"timestamp":"2023-12-06T16:06:16,102","container":"2f5527fd3dd0","level":"INFO","thread":"EthScheduler-Workers-0","class":"PersistBlockTask","message":"Imported #90 / 0 tx / 0 om / 0 (0.0%) gas / (0x9413e8bbc5b415ea3d59f2b98cb1e1df817f6f494f6bcde80d1f034fa5bf21de) in 0.008s. Peers: 7","throwable":""}
{"timestamp":"2023-12-06T16:06:21,085","container":"2f5527fd3dd0","level":"INFO","thread":"EthScheduler-Workers-0","class":"PersistBlockTask","message":"Imported #91 / 0 tx / 0 om / 0 (0.0%) gas / (0x7c993473274a8e542a5713e40e7db2c92d84e1a1c96e99a27110345e4f5c9107) in 0.024s. Peers: 7","throwable":""}
{"timestamp":"2023-12-06T16:06:26,115","container":"2f5527fd3dd0","level":"INFO","thread":"EthScheduler-Workers-0","class":"PersistBlockTask","message":"Imported #92 / 0 tx / 0 om / 0 (0.0%) gas / (0xaa613bc2d7d65515d035e2e2c71954ba095db72ee31c88803df1373202f5b637) in 0.020s. Peers: 7","throwable":""}
{"timestamp":"2023-12-06T16:06:31,097","container":"2f5527fd3dd0","level":"INFO","thread":"EthScheduler-Workers-0","class":"PersistBlockTask","message":"Imported #93 / 0 tx / 0 om / 0 (0.0%) gas / (0xe5ce5d25bf6c75010fb36d0af6825365a7a16ee3d9f2fd404027fca1398e9047) in 0.023s. Peers: 7","throwable":""}
{"timestamp":"2023-12-06T16:06:36,178","container":"2f5527fd3dd0","level":"INFO","thread":"EthScheduler-Workers-0","class":"PersistBlockTask","message":"Imported #94 / 0 tx / 0 om / 0 (0.0%) gas / (0xb2e77cf1d5be51a7f988442cc0c9a1611e75dcb16b35a93a4aaa36198af53a5e) in 0.020s. Peers: 7","throwable":""}
{"timestamp":"2023-12-06T16:06:41,108","container":"2f5527fd3dd0","level":"INFO","thread":"EthScheduler-Workers-0","class":"PersistBlockTask","message":"Imported #95 / 0 tx / 0 om / 0 (0.0%) gas / (0x7afd7ab0b5c64aae1563c09c58a9c3054b431ee50c71c5d0e3eeac350adaeacf) in 0.005s. Peers: 7","throwable":""}
{"timestamp":"2023-12-06T16:06:46,111","container":"2f5527fd3dd0","level":"INFO","thread":"EthScheduler-Workers-0","class":"PersistBlockTask","message":"Imported #96 / 0 tx / 0 om / 0 (0.0%) gas / (0xfb34dc7ff2672e2100734dee2fb628c72f316155ad5303f20c0a8f80a28750f4) in 0.005s. Peers: 7","throwable":""}
{"timestamp":"2023-12-06T16:06:51,094","container":"2f5527fd3dd0","level":"INFO","thread":"EthScheduler-Workers-0","class":"PersistBlockTask","message":"Imported #97 / 0 tx / 0 om / 0 (0.0%) gas / (0x588da649a7cef465064ac89fd3883610a595bfaa2ac826a1e3f285ee1c5ac23c) in 0.007s. Peers: 7","throwable":""}
{"timestamp":"2023-12-06T16:06:56,114","container":"2f5527fd3dd0","level":"INFO","thread":"EthScheduler-Workers-0","class":"PersistBlockTask","message":"Imported #98 / 0 tx / 0 om / 0 (0.0%) gas / (0x4884c3a3e33ecde1d44eda77d15b156a70ea0a8f5533428a4136caa7b9ced497) in 0.016s. Peers: 7","throwable":""}
{"timestamp":"2023-12-06T16:07:01,111","container":"2f5527fd3dd0","level":"INFO","thread":"EthScheduler-Workers-0","class":"PersistBlockTask","message":"Imported #99 / 0 tx / 0 om / 0 (0.0%) gas / (0xe72dd22f0d766a1451faaf14b00c7d185b762d2b0d5f079f5fcffb371fd2208f) in 0.009s. Peers: 7","throwable":""}
{"timestamp":"2023-12-06T16:07:06,074","container":"2f5527fd3dd0","level":"INFO","thread":"EthScheduler-Workers-0","class":"PersistBlockTask","message":"Imported #100 / 0 tx / 0 om / 0 (0.0%) gas / (0xdc3bae51d2ee10dc4e74f8a0da2b9ac4169fa6689413736b63eeb70c7645ec3f) in 0.015s. Peers: 7","throwable":""}
{"timestamp":"2023-12-06T16:07:11,083","container":"2f5527fd3dd0","level":"INFO","thread":"EthScheduler-Workers-0","class":"PersistBlockTask","message":"Imported #101 / 0 tx / 0 om / 0 (0.0%) gas / (0xbde8ed146496d7220602b43c618f3eda0d5ed8384836693262236cd5ea6c44c8) in 0.016s. Peers: 7","throwable":""}
{"timestamp":"2023-12-06T16:07:16,081","container":"2f5527fd3dd0","level":"INFO","thread":"EthScheduler-Workers-0","class":"PersistBlockTask","message":"Imported #102 / 0 tx / 0 om / 0 (0.0%) gas / (0x0150f646bc029142176fda143edb5a6f5469fa76f12f47aef22b6211ef9faa76) in 0.006s. Peers: 7","throwable":""}
{"timestamp":"2023-12-06T16:07:21,070","container":"2f5527fd3dd0","level":"INFO","thread":"EthScheduler-Workers-0","class":"PersistBlockTask","message":"Imported #103 / 0 tx / 0 om / 0 (0.0%) gas / (0xabfe482f7354765e53ed9dc2fe1c25ca2da2ec15734fa18f42d08f231b5a1448) in 0.007s. Peers: 7","throwable":""}
{"timestamp":"2023-12-06T16:07:26,077","container":"2f5527fd3dd0","level":"INFO","thread":"EthScheduler-Workers-0","class":"PersistBlockTask","message":"Imported #104 / 0 tx / 0 om / 0 (0.0%) gas / (0xa4c31c0da5cbb691f88ccdf3838d72833f416b05b0786e881d1d556368e42a5a) in 0.008s. Peers: 7","throwable":""}
{"timestamp":"2023-12-06T16:07:31,092","container":"2f5527fd3dd0","level":"INFO","thread":"BftProcessorExecutor-QBFT-0","class":"BftProcessor","message":"Shutting down BFT event processor","throwable":""}
{"timestamp":"2023-12-06T16:07:31,205","container":"2f5527fd3dd0","level":"INFO","thread":"BesuCommand-Shutdown-Hook","class":"DefaultSynchronizer","message":"Stopping synchronizer","throwable":""}
{"timestamp":"2023-12-06T16:07:31,234","container":"2f5527fd3dd0","level":"INFO","thread":"BesuCommand-Shutdown-Hook","class":"NetworkRunner","message":"Stopping Network.","throwable":""}
{"timestamp":"2023-12-06T16:07:31,362","container":"2f5527fd3dd0","level":"INFO","thread":"BesuCommand-Shutdown-Hook","class":"EthProtocolManager","message":"Stopping eth Subprotocol.","throwable":""}
{"timestamp":"2023-12-06T16:07:31,439","container":"2f5527fd3dd0","level":"INFO","thread":"BesuCommand-Shutdown-Hook","class":"EthProtocolManager","message":"eth Subprotocol stopped.","throwable":""}
{"timestamp":"2023-12-06T16:07:31,440","container":"2f5527fd3dd0","level":"INFO","thread":"BesuCommand-Shutdown-Hook","class":"NetworkRunner","message":"Network stopped.","throwable":""}
{"timestamp":"2023-12-06T16:07:31,452","container":"2f5527fd3dd0","level":"INFO","thread":"BesuCommand-Shutdown-Hook","class":"AutoTransactionLogBloomCachingService","message":"Shutting down Auto transaction logs caching service.","throwable":""}
{"timestamp":"2023-12-06T16:07:31,529","container":"2f5527fd3dd0","level":"INFO","thread":"BesuCommand-Shutdown-Hook","class":"NatService","message":"No NAT environment detected so no service could be stopped","throwable":""}
