{"timestamp":"2023-12-07T16:46:50,151","container":"4adcc6689a9a","level":"INFO","thread":"main","class":"Besu","message":"Starting Besu","throwable":""}
{"timestamp":"2023-12-07T16:46:51,917","container":"4adcc6689a9a","level":"WARN","thread":"main","class":"Besu","message":"--min-gas-price has been ignored because --miner-enabled was not defined on the command line.","throwable":""}
{"timestamp":"2023-12-07T16:46:55,041","container":"4adcc6689a9a","level":"INFO","thread":"main","class":"Besu","message":"
####################################################################################################
#                                                                                                  #
# Besu version 23.4.1                                                                              #
#                                                                                                  #
# Configuration:                                                                                   #
# Network: Custom genesis file specified                                                           #
# Network Id: 1337                                                                                 #
# Data storage: Forest                                                                             #
# Sync mode: Full                                                                                  #
# RPC HTTP APIs: EEA,WEB3,ETH,NET,TRACE,DEBUG,ADMIN,TXPOOL,PRIV,PERM,QBFT                          #
# RPC HTTP port: 8545                                                                              #
#                                                                                                  #
# Host:                                                                                            #
# Java: openjdk-java-17                                                                            #
# Maximum heap size: 1.45 GB                                                                       #
# OS: linux-x86_64                                                                                 #
# glibc: 2.35                                                                                      #
# jemalloc: 5.2.1-0-gea6b3e973b477b8061e0076bb257dbd7f3faa756                                      #
# Total memory: 5.79 GB                                                                            #
# CPU cores: 12                                                                                    #
#                                                                                                  #
####################################################################################################","throwable":""}
{"timestamp":"2023-12-07T16:46:55,045","container":"4adcc6689a9a","level":"INFO","thread":"main","class":"Besu","message":"Connecting to 8 static nodes.","throwable":""}
{"timestamp":"2023-12-07T16:46:55,046","container":"4adcc6689a9a","level":"INFO","thread":"main","class":"Besu","message":"Security Module: localfile","throwable":""}
{"timestamp":"2023-12-07T16:46:55,114","container":"4adcc6689a9a","level":"INFO","thread":"main","class":"Besu","message":"Using the native implementation of alt bn128","throwable":""}
{"timestamp":"2023-12-07T16:46:55,154","container":"4adcc6689a9a","level":"INFO","thread":"main","class":"Besu","message":"Using the native implementation of modexp","throwable":""}
{"timestamp":"2023-12-07T16:46:55,162","container":"4adcc6689a9a","level":"INFO","thread":"main","class":"Besu","message":"Using the native implementation of the signature algorithm","throwable":""}
{"timestamp":"2023-12-07T16:46:55,182","container":"4adcc6689a9a","level":"INFO","thread":"main","class":"Besu","message":"Using the native implementation of the blake2bf algorithm","throwable":""}
{"timestamp":"2023-12-07T16:46:55,250","container":"4adcc6689a9a","level":"INFO","thread":"main","class":"RocksDBKeyValueStorageFactory","message":"No existing database detected at /opt/besu/data. Using version 1","throwable":""}
{"timestamp":"2023-12-07T16:47:00,168","container":"4adcc6689a9a","level":"INFO","thread":"main","class":"KeyPairUtil","message":"Loaded public key 0xad2c79c6561bc8212c2e8382611c62e406e767d1f3106c68ca206900f575cb8ba9a8be111c645cd9803701d684454c782c40d2361b000a32ed03d26228b30ec1 from /opt/besu/keys/nodekey","throwable":""}
{"timestamp":"2023-12-07T16:47:00,372","container":"4adcc6689a9a","level":"INFO","thread":"main","class":"RocksDBKeyValuePrivacyStorageFactory","message":"No existing private database detected at /opt/besu/data. Using version 1","throwable":""}
{"timestamp":"2023-12-07T16:47:02,915","container":"4adcc6689a9a","level":"INFO","thread":"main","class":"ProtocolScheduleBuilder","message":"Protocol schedule created with milestones: [GrayGlacier: 0]","throwable":""}
{"timestamp":"2023-12-07T16:47:04,798","container":"4adcc6689a9a","level":"INFO","thread":"main","class":"TransactionPoolFactory","message":"Enabling transaction pool","throwable":""}
{"timestamp":"2023-12-07T16:47:04,902","container":"4adcc6689a9a","level":"INFO","thread":"main","class":"BesuControllerBuilder","message":"TTD difficulty is not present, creating initial sync phase for PoW","throwable":""}
{"timestamp":"2023-12-07T16:47:05,103","container":"4adcc6689a9a","level":"INFO","thread":"main","class":"RunnerBuilder","message":"Detecting NAT service.","throwable":""}
{"timestamp":"2023-12-07T16:47:07,773","container":"4adcc6689a9a","level":"INFO","thread":"main","class":"Runner","message":"Starting external services ... ","throwable":""}
{"timestamp":"2023-12-07T16:47:07,775","container":"4adcc6689a9a","level":"INFO","thread":"main","class":"MetricsHttpService","message":"Starting metrics http service on 0.0.0.0:9545","throwable":""}
{"timestamp":"2023-12-07T16:47:08,725","container":"4adcc6689a9a","level":"INFO","thread":"main","class":"JsonRpcHttpService","message":"Starting JSON-RPC service on 0.0.0.0:8545","throwable":""}
{"timestamp":"2023-12-07T16:47:08,724","container":"4adcc6689a9a","level":"INFO","thread":"vert.x-eventloop-thread-2","class":"MetricsHttpService","message":"Metrics service started and listening on 0.0.0.0:9545","throwable":""}
{"timestamp":"2023-12-07T16:47:08,960","container":"4adcc6689a9a","level":"INFO","thread":"vert.x-eventloop-thread-2","class":"JsonRpcHttpService","message":"JSON-RPC service started and listening on 0.0.0.0:8545","throwable":""}
{"timestamp":"2023-12-07T16:47:09,006","container":"4adcc6689a9a","level":"INFO","thread":"main","class":"GraphQLHttpService","message":"Starting GraphQL HTTP service on 0.0.0.0:8547","throwable":""}
{"timestamp":"2023-12-07T16:47:09,018","container":"4adcc6689a9a","level":"INFO","thread":"vert.x-eventloop-thread-2","class":"GraphQLHttpService","message":"GraphQL HTTP service started and listening on 0.0.0.0:8547","throwable":""}
{"timestamp":"2023-12-07T16:47:09,022","container":"4adcc6689a9a","level":"INFO","thread":"main","class":"WebSocketService","message":"Starting Websocket service on 0.0.0.0:8546","throwable":""}
{"timestamp":"2023-12-07T16:47:09,050","container":"4adcc6689a9a","level":"INFO","thread":"vert.x-eventloop-thread-2","class":"WebSocketService","message":"Websocket service started and listening on 0.0.0.0:8546","throwable":""}
{"timestamp":"2023-12-07T16:47:09,067","container":"4adcc6689a9a","level":"INFO","thread":"main","class":"AutoTransactionLogBloomCachingService","message":"Starting auto transaction log bloom caching service.","throwable":""}
{"timestamp":"2023-12-07T16:47:09,082","container":"4adcc6689a9a","level":"INFO","thread":"main","class":"LogBloomCacheMetadata","message":"Lookup cache metadata file in data directory: /opt/besu/data/caches","throwable":""}
{"timestamp":"2023-12-07T16:47:09,376","container":"4adcc6689a9a","level":"INFO","thread":"main","class":"Runner","message":"Starting Ethereum main loop ... ","throwable":""}
{"timestamp":"2023-12-07T16:47:09,379","container":"4adcc6689a9a","level":"INFO","thread":"main","class":"NatService","message":"No NAT environment detected so no service could be started","throwable":""}
{"timestamp":"2023-12-07T16:47:09,380","container":"4adcc6689a9a","level":"INFO","thread":"main","class":"NetworkRunner","message":"Starting Network.","throwable":""}
{"timestamp":"2023-12-07T16:47:09,452","container":"4adcc6689a9a","level":"INFO","thread":"nioEventLoopGroup-2-1","class":"RlpxAgent","message":"P2P RLPx agent started and listening on /0.0.0.0:30303.","throwable":""}
{"timestamp":"2023-12-07T16:47:09,457","container":"4adcc6689a9a","level":"INFO","thread":"main","class":"PeerDiscoveryAgent","message":"Starting peer discovery agent on host=0.0.0.0, port=30303","throwable":""}
{"timestamp":"2023-12-07T16:47:09,521","container":"4adcc6689a9a","level":"INFO","thread":"vert.x-eventloop-thread-2","class":"VertxPeerDiscoveryAgent","message":"Started peer discovery agent successfully, on effective host=0.0.0.0 and port=30303","throwable":""}
{"timestamp":"2023-12-07T16:47:09,526","container":"4adcc6689a9a","level":"INFO","thread":"vert.x-eventloop-thread-2","class":"PeerDiscoveryAgent","message":"P2P peer discovery agent started and listening on /0.0.0.0:30303","throwable":""}
{"timestamp":"2023-12-07T16:47:09,917","container":"4adcc6689a9a","level":"INFO","thread":"vert.x-eventloop-thread-2","class":"PeerDiscoveryAgent","message":"Writing node record to disk. NodeRecord{seq=1, publicKey=0x03ad2c79c6561bc8212c2e8382611c62e406e767d1f3106c68ca206900f575cb8b, udpAddress=Optional[/172.16.239.17:30303], tcpAddress=Optional[/172.16.239.17:30303], asBase64=-Je4QAxfNXFRtnLEsMRA4bY0Ht9yH1B1CiN_5AITXC5sET-5c4WY3cS028v3jDZEG6lHq1TZUKPYyPx8XqgptaZmG44Bg2V0aMfGhMw13_-AgmlkgnY0gmlwhKwQ7xGJc2VjcDI1NmsxoQOtLHnGVhvIISwug4JhHGLkBudn0fMQbGjKIGkA9XXLi4N0Y3CCdl-DdWRwgnZf, nodeId=0x77e699b8a5282fa3837e39b3e090a28b8a9d0a69ec259cb745036d5d1030e3ea, customFields={tcp=30303, udp=30303, ip=0xac10ef11, eth=[[0xcc35dfff, 0x]], id=V4, secp256k1=0x03ad2c79c6561bc8212c2e8382611c62e406e767d1f3106c68ca206900f575cb8b}}","throwable":""}
{"timestamp":"2023-12-07T16:47:10,317","container":"4adcc6689a9a","level":"INFO","thread":"main","class":"DefaultP2PNetwork","message":"Enode URL enode://ad2c79c6561bc8212c2e8382611c62e406e767d1f3106c68ca206900f575cb8ba9a8be111c645cd9803701d684454c782c40d2361b000a32ed03d26228b30ec1@172.16.239.17:30303","throwable":""}
{"timestamp":"2023-12-07T16:47:10,319","container":"4adcc6689a9a","level":"INFO","thread":"main","class":"DefaultP2PNetwork","message":"Node address 0xe090a28b8a9d0a69ec259cb745036d5d1030e3ea","throwable":""}
{"timestamp":"2023-12-07T16:47:10,618","container":"4adcc6689a9a","level":"INFO","thread":"main","class":"NetworkRunner","message":"Supported capabilities: [eth/62, eth/63, eth/64, eth/65, eth/66, eth/67, eth/68], [istanbul/100], [snap/1]","throwable":""}
{"timestamp":"2023-12-07T16:47:10,637","container":"4adcc6689a9a","level":"INFO","thread":"main","class":"DefaultSynchronizer","message":"Starting synchronizer.","throwable":""}
{"timestamp":"2023-12-07T16:47:10,699","container":"4adcc6689a9a","level":"INFO","thread":"main","class":"TransactionPoolFactory","message":"Enabling transaction handling following initial sync","throwable":""}
{"timestamp":"2023-12-07T16:47:10,726","container":"4adcc6689a9a","level":"INFO","thread":"main","class":"FullSyncDownloader","message":"Starting full sync.","throwable":""}
{"timestamp":"2023-12-07T16:47:10,742","container":"4adcc6689a9a","level":"INFO","thread":"main","class":"FullSyncTargetManager","message":"Unable to find sync target. Currently checking 0 peers for usefulness","throwable":""}
{"timestamp":"2023-12-07T16:47:11,167","container":"4adcc6689a9a","level":"INFO","thread":"main","class":"Runner","message":"Ethereum main loop is up.","throwable":""}
{"timestamp":"2023-12-07T16:47:14,608","container":"4adcc6689a9a","level":"INFO","thread":"nioEventLoopGroup-3-8","class":"FullSyncTargetManager","message":"Unable to find sync target. Currently checking 1 peers for usefulness","throwable":""}
{"timestamp":"2023-12-07T16:47:14,906","container":"4adcc6689a9a","level":"INFO","thread":"nioEventLoopGroup-3-5","class":"FullSyncTargetManager","message":"Unable to find sync target. Currently checking 2 peers for usefulness","throwable":""}
{"timestamp":"2023-12-07T16:47:14,956","container":"4adcc6689a9a","level":"INFO","thread":"nioEventLoopGroup-3-1","class":"FullSyncTargetManager","message":"Unable to find sync target. Currently checking 3 peers for usefulness","throwable":""}
{"timestamp":"2023-12-07T16:47:16,676","container":"4adcc6689a9a","level":"INFO","thread":"nioEventLoopGroup-3-4","class":"FullSyncTargetManager","message":"Unable to find sync target. Currently checking 4 peers for usefulness","throwable":""}
{"timestamp":"2023-12-07T16:47:17,214","container":"4adcc6689a9a","level":"INFO","thread":"nioEventLoopGroup-3-3","class":"FullSyncTargetManager","message":"Unable to find sync target. Currently checking 5 peers for usefulness","throwable":""}
{"timestamp":"2023-12-07T16:47:17,738","container":"4adcc6689a9a","level":"INFO","thread":"nioEventLoopGroup-3-7","class":"FullSyncTargetManager","message":"Unable to find sync target. Currently checking 6 peers for usefulness","throwable":""}
{"timestamp":"2023-12-07T16:47:17,932","container":"4adcc6689a9a","level":"INFO","thread":"nioEventLoopGroup-3-2","class":"FullSyncTargetManager","message":"Unable to find sync target. Currently checking 7 peers for usefulness","throwable":""}
{"timestamp":"2023-12-07T16:47:22,951","container":"4adcc6689a9a","level":"INFO","thread":"EthScheduler-Timer-0","class":"FullSyncTargetManager","message":"Unable to find sync target. Currently checking 7 peers for usefulness","throwable":""}
{"timestamp":"2023-12-07T16:47:26,431","container":"4adcc6689a9a","level":"INFO","thread":"EthScheduler-Workers-0","class":"PersistBlockTask","message":"Imported #1 / 0 tx / 0 om / 0 (0.0%) gas / (0x4817e0cb1f0ab177c16019ae333de44781728d1c4f497227eafa29ad2e854077) in 0.147s. Peers: 7","throwable":""}
{"timestamp":"2023-12-07T16:47:27,956","container":"4adcc6689a9a","level":"INFO","thread":"EthScheduler-Timer-0","class":"FullSyncTargetManager","message":"Unable to find sync target. Currently checking 7 peers for usefulness","throwable":""}
{"timestamp":"2023-12-07T16:47:30,259","container":"4adcc6689a9a","level":"INFO","thread":"EthScheduler-Workers-0","class":"PersistBlockTask","message":"Imported #2 / 0 tx / 0 om / 0 (0.0%) gas / (0x5b5c5ab8ed657471c15d3619b83c0af84daf469d862df3a939e9333ec79047e3) in 0.029s. Peers: 7","throwable":""}
{"timestamp":"2023-12-07T16:47:35,249","container":"4adcc6689a9a","level":"INFO","thread":"EthScheduler-Workers-0","class":"PersistBlockTask","message":"Imported #3 / 0 tx / 0 om / 0 (0.0%) gas / (0x50248f8eff97f4e57ed7bb39ab5790a0fa975b5b8f14915439c5caebc0215092) in 0.018s. Peers: 7","throwable":""}
{"timestamp":"2023-12-07T16:47:40,168","container":"4adcc6689a9a","level":"INFO","thread":"EthScheduler-Workers-0","class":"PersistBlockTask","message":"Imported #4 / 0 tx / 0 om / 0 (0.0%) gas / (0x043afa0cd778e668de868a3cfc2fb586fc68719b06c1956e3bf642cd13d77512) in 0.020s. Peers: 7","throwable":""}
{"timestamp":"2023-12-07T16:47:45,198","container":"4adcc6689a9a","level":"INFO","thread":"EthScheduler-Workers-0","class":"PersistBlockTask","message":"Imported #5 / 0 tx / 0 om / 0 (0.0%) gas / (0x2f2c38450f07d056c4f2926fa2aa924d5976083c1811b546be2180f21f25ad7c) in 0.011s. Peers: 7","throwable":""}
{"timestamp":"2023-12-07T16:47:50,129","container":"4adcc6689a9a","level":"INFO","thread":"EthScheduler-Workers-0","class":"PersistBlockTask","message":"Imported #6 / 0 tx / 0 om / 0 (0.0%) gas / (0xcb708d23baebc49a8952934c8c7cff213b0a2cb1354b4da55c2897c3e56bf763) in 0.008s. Peers: 7","throwable":""}
{"timestamp":"2023-12-07T16:47:55,250","container":"4adcc6689a9a","level":"INFO","thread":"EthScheduler-Workers-0","class":"PersistBlockTask","message":"Imported #7 / 0 tx / 0 om / 0 (0.0%) gas / (0x1cb674be64f744571d727b236ab378a11f32109312718fc90eeb3f392e315bf8) in 0.013s. Peers: 7","throwable":""}
{"timestamp":"2023-12-07T16:48:00,116","container":"4adcc6689a9a","level":"INFO","thread":"EthScheduler-Workers-0","class":"PersistBlockTask","message":"Imported #8 / 0 tx / 0 om / 0 (0.0%) gas / (0xb8a7ef94f1d09411a428ef4ce0abe52a127e5960d6c9e07f1e514b3e4cd67909) in 0.006s. Peers: 7","throwable":""}
{"timestamp":"2023-12-07T16:48:05,147","container":"4adcc6689a9a","level":"INFO","thread":"EthScheduler-Workers-0","class":"PersistBlockTask","message":"Imported #9 / 0 tx / 0 om / 0 (0.0%) gas / (0x95cfbc322472f78040e9d27cec35dd3d9aad9470a2d5f5a723c76cfd22e05e9a) in 0.010s. Peers: 7","throwable":""}
{"timestamp":"2023-12-07T16:48:10,077","container":"4adcc6689a9a","level":"INFO","thread":"EthScheduler-Workers-0","class":"PersistBlockTask","message":"Imported #10 / 0 tx / 0 om / 0 (0.0%) gas / (0xf3f2753d9d1685df3154d4eb4b0f66057f5f22be57b4453e915477b51de2ac02) in 0.012s. Peers: 7","throwable":""}
{"timestamp":"2023-12-07T16:48:15,167","container":"4adcc6689a9a","level":"INFO","thread":"EthScheduler-Workers-0","class":"PersistBlockTask","message":"Imported #11 / 0 tx / 0 om / 0 (0.0%) gas / (0x339b2411adb06d6024c7f2819184c05165885276fbacd1bd9d69953682267f1c) in 0.011s. Peers: 6","throwable":""}
{"timestamp":"2023-12-07T16:48:20,162","container":"4adcc6689a9a","level":"INFO","thread":"EthScheduler-Workers-0","class":"PersistBlockTask","message":"Imported #12 / 0 tx / 0 om / 0 (0.0%) gas / (0xdb0239e48936a7608e225c854bfd23f5caebe715f5e8640f21c8c181d1b6ede2) in 0.018s. Peers: 6","throwable":""}
{"timestamp":"2023-12-07T16:48:25,188","container":"4adcc6689a9a","level":"INFO","thread":"EthScheduler-Workers-0","class":"PersistBlockTask","message":"Imported #13 / 0 tx / 0 om / 0 (0.0%) gas / (0x81cb04e30a248a65d6f928352b34c1e105aef4f0f426066a5a1c57ebca497a57) in 0.008s. Peers: 6","throwable":""}
{"timestamp":"2023-12-07T16:48:30,112","container":"4adcc6689a9a","level":"INFO","thread":"EthScheduler-Workers-0","class":"PersistBlockTask","message":"Imported #14 / 0 tx / 0 om / 0 (0.0%) gas / (0x27834727aa10b5c8e08f72f569625b64759d772d1387d01a62b8b2455b21bbcc) in 0.021s. Peers: 6","throwable":""}
{"timestamp":"2023-12-07T16:48:35,209","container":"4adcc6689a9a","level":"INFO","thread":"EthScheduler-Workers-0","class":"PersistBlockTask","message":"Imported #15 / 0 tx / 0 om / 0 (0.0%) gas / (0x5c77a58d2a7e525b24e94863dca8895d2d660651228a40aaff01a6dcec669d42) in 0.021s. Peers: 6","throwable":""}
{"timestamp":"2023-12-07T16:48:40,117","container":"4adcc6689a9a","level":"INFO","thread":"EthScheduler-Workers-0","class":"PersistBlockTask","message":"Imported #16 / 0 tx / 0 om / 0 (0.0%) gas / (0x7caf063abd2be8cfb3cc18ee8abdf9a17414c1647aac2313b268005221f75a31) in 0.015s. Peers: 6","throwable":""}
{"timestamp":"2023-12-07T16:48:45,213","container":"4adcc6689a9a","level":"INFO","thread":"EthScheduler-Workers-0","class":"PersistBlockTask","message":"Imported #17 / 0 tx / 0 om / 0 (0.0%) gas / (0x32974fc291a085fb4aaaaf42d35625f4f960669ce50261d8734173e287454d33) in 0.051s. Peers: 6","throwable":""}
{"timestamp":"2023-12-07T16:48:50,152","container":"4adcc6689a9a","level":"INFO","thread":"EthScheduler-Workers-0","class":"PersistBlockTask","message":"Imported #18 / 0 tx / 0 om / 0 (0.0%) gas / (0x6f03bf3020010c26f167b289305611e855704722c7145f42bb786002d1d7d7e0) in 0.016s. Peers: 6","throwable":""}
{"timestamp":"2023-12-07T16:48:55,652","container":"4adcc6689a9a","level":"INFO","thread":"BftProcessorExecutor-QBFT-0","class":"BftProcessor","message":"Shutting down BFT event processor","throwable":""}
{"timestamp":"2023-12-07T16:48:55,674","container":"4adcc6689a9a","level":"INFO","thread":"BesuCommand-Shutdown-Hook","class":"DefaultSynchronizer","message":"Stopping synchronizer","throwable":""}
{"timestamp":"2023-12-07T16:48:55,690","container":"4adcc6689a9a","level":"INFO","thread":"BesuCommand-Shutdown-Hook","class":"NetworkRunner","message":"Stopping Network.","throwable":""}
{"timestamp":"2023-12-07T16:48:55,740","container":"4adcc6689a9a","level":"INFO","thread":"BesuCommand-Shutdown-Hook","class":"EthProtocolManager","message":"Stopping eth Subprotocol.","throwable":""}
{"timestamp":"2023-12-07T16:48:55,812","container":"4adcc6689a9a","level":"INFO","thread":"BesuCommand-Shutdown-Hook","class":"EthProtocolManager","message":"eth Subprotocol stopped.","throwable":""}
{"timestamp":"2023-12-07T16:48:55,813","container":"4adcc6689a9a","level":"INFO","thread":"BesuCommand-Shutdown-Hook","class":"NetworkRunner","message":"Network stopped.","throwable":""}
{"timestamp":"2023-12-07T16:48:55,815","container":"4adcc6689a9a","level":"INFO","thread":"BesuCommand-Shutdown-Hook","class":"AutoTransactionLogBloomCachingService","message":"Shutting down Auto transaction logs caching service.","throwable":""}
{"timestamp":"2023-12-07T16:48:55,915","container":"4adcc6689a9a","level":"INFO","thread":"BesuCommand-Shutdown-Hook","class":"NatService","message":"No NAT environment detected so no service could be stopped","throwable":""}
