{"timestamp":"2023-12-07T16:46:50,363","container":"64cc97803242","level":"INFO","thread":"main","class":"Besu","message":"Starting Besu","throwable":""}
{"timestamp":"2023-12-07T16:46:51,935","container":"64cc97803242","level":"WARN","thread":"main","class":"Besu","message":"--min-gas-price has been ignored because --miner-enabled was not defined on the command line.","throwable":""}
{"timestamp":"2023-12-07T16:46:55,238","container":"64cc97803242","level":"INFO","thread":"main","class":"Besu","message":"
####################################################################################################
#                                                                                                  #
# Besu version 23.4.1                                                                              #
#                                                                                                  #
# Configuration:                                                                                   #
# Network: Custom genesis file specified                                                           #
# Network Id: 1337                                                                                 #
# Data storage: Forest                                                                             #
# Sync mode: Full                                                                                  #
# RPC HTTP APIs: EEA,WEB3,ETH,NET,TRACE,DEBUG,ADMIN,TXPOOL,PRIV,PERM,QBFT                          #
# RPC HTTP port: 8545                                                                              #
#                                                                                                  #
# Host:                                                                                            #
# Java: openjdk-java-17                                                                            #
# Maximum heap size: 1.45 GB                                                                       #
# OS: linux-x86_64                                                                                 #
# glibc: 2.35                                                                                      #
# jemalloc: 5.2.1-0-gea6b3e973b477b8061e0076bb257dbd7f3faa756                                      #
# Total memory: 5.79 GB                                                                            #
# CPU cores: 12                                                                                    #
#                                                                                                  #
####################################################################################################","throwable":""}
{"timestamp":"2023-12-07T16:46:55,240","container":"64cc97803242","level":"INFO","thread":"main","class":"Besu","message":"Connecting to 8 static nodes.","throwable":""}
{"timestamp":"2023-12-07T16:46:55,241","container":"64cc97803242","level":"INFO","thread":"main","class":"Besu","message":"Security Module: localfile","throwable":""}
{"timestamp":"2023-12-07T16:46:55,299","container":"64cc97803242","level":"INFO","thread":"main","class":"Besu","message":"Using the native implementation of alt bn128","throwable":""}
{"timestamp":"2023-12-07T16:46:55,332","container":"64cc97803242","level":"INFO","thread":"main","class":"Besu","message":"Using the native implementation of modexp","throwable":""}
{"timestamp":"2023-12-07T16:46:55,335","container":"64cc97803242","level":"INFO","thread":"main","class":"Besu","message":"Using the native implementation of the signature algorithm","throwable":""}
{"timestamp":"2023-12-07T16:46:55,375","container":"64cc97803242","level":"INFO","thread":"main","class":"Besu","message":"Using the native implementation of the blake2bf algorithm","throwable":""}
{"timestamp":"2023-12-07T16:46:55,483","container":"64cc97803242","level":"INFO","thread":"main","class":"RocksDBKeyValueStorageFactory","message":"No existing database detected at /opt/besu/data. Using version 1","throwable":""}
{"timestamp":"2023-12-07T16:47:00,018","container":"64cc97803242","level":"INFO","thread":"main","class":"KeyPairUtil","message":"Loaded public key 0x8208a3f344695d44e9cf2c023683cbea7b9343e2f70a5e804bd2c93858e945f8f91439eef96a4ab6c47ff06637d6fbe6472f96de1655a1bee57ea896654f3a22 from /opt/besu/keys/nodekey","throwable":""}
{"timestamp":"2023-12-07T16:47:00,152","container":"64cc97803242","level":"WARN","thread":"main","class":"Besu","message":"Privacy is disabled. Cannot use EEA/PRIV API methods when not using Privacy.","throwable":""}
{"timestamp":"2023-12-07T16:47:01,766","container":"64cc97803242","level":"INFO","thread":"main","class":"ProtocolScheduleBuilder","message":"Protocol schedule created with milestones: [GrayGlacier: 0]","throwable":""}
{"timestamp":"2023-12-07T16:47:03,934","container":"64cc97803242","level":"INFO","thread":"main","class":"TransactionPoolFactory","message":"Enabling transaction pool","throwable":""}
{"timestamp":"2023-12-07T16:47:03,974","container":"64cc97803242","level":"INFO","thread":"main","class":"BesuControllerBuilder","message":"TTD difficulty is not present, creating initial sync phase for PoW","throwable":""}
{"timestamp":"2023-12-07T16:47:04,245","container":"64cc97803242","level":"INFO","thread":"main","class":"RunnerBuilder","message":"Detecting NAT service.","throwable":""}
{"timestamp":"2023-12-07T16:47:07,800","container":"64cc97803242","level":"INFO","thread":"main","class":"Runner","message":"Starting external services ... ","throwable":""}
{"timestamp":"2023-12-07T16:47:07,807","container":"64cc97803242","level":"INFO","thread":"main","class":"MetricsHttpService","message":"Starting metrics http service on 0.0.0.0:9545","throwable":""}
{"timestamp":"2023-12-07T16:47:08,949","container":"64cc97803242","level":"INFO","thread":"main","class":"JsonRpcHttpService","message":"Starting JSON-RPC service on 0.0.0.0:8545","throwable":""}
{"timestamp":"2023-12-07T16:47:08,948","container":"64cc97803242","level":"INFO","thread":"vert.x-eventloop-thread-1","class":"MetricsHttpService","message":"Metrics service started and listening on 0.0.0.0:9545","throwable":""}
{"timestamp":"2023-12-07T16:47:09,122","container":"64cc97803242","level":"INFO","thread":"vert.x-eventloop-thread-1","class":"JsonRpcHttpService","message":"JSON-RPC service started and listening on 0.0.0.0:8545","throwable":""}
{"timestamp":"2023-12-07T16:47:09,154","container":"64cc97803242","level":"INFO","thread":"main","class":"GraphQLHttpService","message":"Starting GraphQL HTTP service on 0.0.0.0:8547","throwable":""}
{"timestamp":"2023-12-07T16:47:09,174","container":"64cc97803242","level":"INFO","thread":"vert.x-eventloop-thread-1","class":"GraphQLHttpService","message":"GraphQL HTTP service started and listening on 0.0.0.0:8547","throwable":""}
{"timestamp":"2023-12-07T16:47:09,175","container":"64cc97803242","level":"INFO","thread":"main","class":"WebSocketService","message":"Starting Websocket service on 0.0.0.0:8546","throwable":""}
{"timestamp":"2023-12-07T16:47:09,182","container":"64cc97803242","level":"INFO","thread":"vert.x-eventloop-thread-1","class":"WebSocketService","message":"Websocket service started and listening on 0.0.0.0:8546","throwable":""}
{"timestamp":"2023-12-07T16:47:09,298","container":"64cc97803242","level":"INFO","thread":"main","class":"AutoTransactionLogBloomCachingService","message":"Starting auto transaction log bloom caching service.","throwable":""}
{"timestamp":"2023-12-07T16:47:09,340","container":"64cc97803242","level":"INFO","thread":"main","class":"LogBloomCacheMetadata","message":"Lookup cache metadata file in data directory: /opt/besu/data/caches","throwable":""}
{"timestamp":"2023-12-07T16:47:09,705","container":"64cc97803242","level":"INFO","thread":"main","class":"Runner","message":"Starting Ethereum main loop ... ","throwable":""}
{"timestamp":"2023-12-07T16:47:09,706","container":"64cc97803242","level":"INFO","thread":"main","class":"NatService","message":"No NAT environment detected so no service could be started","throwable":""}
{"timestamp":"2023-12-07T16:47:09,707","container":"64cc97803242","level":"INFO","thread":"main","class":"NetworkRunner","message":"Starting Network.","throwable":""}
{"timestamp":"2023-12-07T16:47:09,809","container":"64cc97803242","level":"INFO","thread":"nioEventLoopGroup-2-1","class":"RlpxAgent","message":"P2P RLPx agent started and listening on /0.0.0.0:30303.","throwable":""}
{"timestamp":"2023-12-07T16:47:09,824","container":"64cc97803242","level":"INFO","thread":"main","class":"PeerDiscoveryAgent","message":"Starting peer discovery agent on host=0.0.0.0, port=30303","throwable":""}
{"timestamp":"2023-12-07T16:47:10,030","container":"64cc97803242","level":"INFO","thread":"vert.x-eventloop-thread-1","class":"VertxPeerDiscoveryAgent","message":"Started peer discovery agent successfully, on effective host=0.0.0.0 and port=30303","throwable":""}
{"timestamp":"2023-12-07T16:47:10,054","container":"64cc97803242","level":"INFO","thread":"vert.x-eventloop-thread-1","class":"PeerDiscoveryAgent","message":"P2P peer discovery agent started and listening on /0.0.0.0:30303","throwable":""}
{"timestamp":"2023-12-07T16:47:10,511","container":"64cc97803242","level":"INFO","thread":"vert.x-eventloop-thread-1","class":"PeerDiscoveryAgent","message":"Writing node record to disk. NodeRecord{seq=1, publicKey=0x028208a3f344695d44e9cf2c023683cbea7b9343e2f70a5e804bd2c93858e945f8, udpAddress=Optional[/172.16.239.11:30303], tcpAddress=Optional[/172.16.239.11:30303], asBase64=-Je4QOCbk-eOngUpaYFsGPPjFgQmjVboz2kBjraHkwuaKjfWGjR_bWtplYkhOtgIH6S7VY42OdLVUbBxNpY02jh_NHQBg2V0aMfGhMw13_-AgmlkgnY0gmlwhKwQ7wuJc2VjcDI1NmsxoQKCCKPzRGldROnPLAI2g8vqe5ND4vcKXoBL0sk4WOlF-IN0Y3CCdl-DdWRwgnZf, nodeId=0x58e94810eeee14c28613b47e93917cadbace5dfce132b991732c6cda9bcc5b8a, customFields={tcp=30303, udp=30303, ip=0xac10ef0b, eth=[[0xcc35dfff, 0x]], id=V4, secp256k1=0x028208a3f344695d44e9cf2c023683cbea7b9343e2f70a5e804bd2c93858e945f8}}","throwable":""}
{"timestamp":"2023-12-07T16:47:10,738","container":"64cc97803242","level":"INFO","thread":"main","class":"DefaultP2PNetwork","message":"Enode URL enode://8208a3f344695d44e9cf2c023683cbea7b9343e2f70a5e804bd2c93858e945f8f91439eef96a4ab6c47ff06637d6fbe6472f96de1655a1bee57ea896654f3a22@172.16.239.11:30303","throwable":""}
{"timestamp":"2023-12-07T16:47:10,750","container":"64cc97803242","level":"INFO","thread":"main","class":"DefaultP2PNetwork","message":"Node address 0x93917cadbace5dfce132b991732c6cda9bcc5b8a","throwable":""}
{"timestamp":"2023-12-07T16:47:11,326","container":"64cc97803242","level":"INFO","thread":"main","class":"NetworkRunner","message":"Supported capabilities: [eth/62, eth/63, eth/64, eth/65, eth/66, eth/67, eth/68], [istanbul/100], [snap/1]","throwable":""}
{"timestamp":"2023-12-07T16:47:11,341","container":"64cc97803242","level":"INFO","thread":"main","class":"DefaultSynchronizer","message":"Starting synchronizer.","throwable":""}
{"timestamp":"2023-12-07T16:47:12,000","container":"64cc97803242","level":"INFO","thread":"main","class":"TransactionPoolFactory","message":"Enabling transaction handling following initial sync","throwable":""}
{"timestamp":"2023-12-07T16:47:12,436","container":"64cc97803242","level":"INFO","thread":"main","class":"FullSyncDownloader","message":"Starting full sync.","throwable":""}
{"timestamp":"2023-12-07T16:47:12,503","container":"64cc97803242","level":"INFO","thread":"main","class":"FullSyncTargetManager","message":"Unable to find sync target. Currently checking 0 peers for usefulness","throwable":""}
{"timestamp":"2023-12-07T16:47:16,564","container":"64cc97803242","level":"INFO","thread":"main","class":"Runner","message":"Ethereum main loop is up.","throwable":""}
{"timestamp":"2023-12-07T16:47:18,040","container":"64cc97803242","level":"INFO","thread":"nioEventLoopGroup-3-2","class":"FullSyncTargetManager","message":"Unable to find sync target. Currently checking 6 peers for usefulness","throwable":""}
{"timestamp":"2023-12-07T16:47:18,143","container":"64cc97803242","level":"INFO","thread":"nioEventLoopGroup-3-4","class":"FullSyncTargetManager","message":"Unable to find sync target. Currently checking 7 peers for usefulness","throwable":""}
{"timestamp":"2023-12-07T16:47:23,162","container":"64cc97803242","level":"INFO","thread":"EthScheduler-Timer-0","class":"FullSyncTargetManager","message":"Unable to find sync target. Currently checking 7 peers for usefulness","throwable":""}
{"timestamp":"2023-12-07T16:47:26,058","container":"64cc97803242","level":"INFO","thread":"BftProcessorExecutor-QBFT-0","class":"QbftRound","message":"Importing proposed block to chain. round=ConsensusRoundIdentifier{Sequence=1, Round=1}, hash=0x4817e0cb1f0ab177c16019ae333de44781728d1c4f497227eafa29ad2e854077","throwable":""}
{"timestamp":"2023-12-07T16:47:26,179","container":"64cc97803242","level":"INFO","thread":"BftProcessorExecutor-QBFT-0","class":"QbftBesuControllerBuilder","message":"Produced #1 / 0 tx / 0 pending / 0 (0.0%) gas / (0x4817e0cb1f0ab177c16019ae333de44781728d1c4f497227eafa29ad2e854077)","throwable":""}
{"timestamp":"2023-12-07T16:47:28,167","container":"64cc97803242","level":"INFO","thread":"EthScheduler-Timer-0","class":"FullSyncTargetManager","message":"Unable to find sync target. Currently checking 7 peers for usefulness","throwable":""}
{"timestamp":"2023-12-07T16:47:30,178","container":"64cc97803242","level":"INFO","thread":"BftProcessorExecutor-QBFT-0","class":"QbftBesuControllerBuilder","message":"Imported #2 / 0 tx / 0 pending / 0 (0.0%) gas / (0x5b5c5ab8ed657471c15d3619b83c0af84daf469d862df3a939e9333ec79047e3)","throwable":""}
{"timestamp":"2023-12-07T16:47:35,209","container":"64cc97803242","level":"INFO","thread":"BftProcessorExecutor-QBFT-0","class":"QbftBesuControllerBuilder","message":"Imported #3 / 0 tx / 0 pending / 0 (0.0%) gas / (0x50248f8eff97f4e57ed7bb39ab5790a0fa975b5b8f14915439c5caebc0215092)","throwable":""}
{"timestamp":"2023-12-07T16:47:40,225","container":"64cc97803242","level":"INFO","thread":"BftProcessorExecutor-QBFT-0","class":"QbftBesuControllerBuilder","message":"Imported #4 / 0 tx / 0 pending / 0 (0.0%) gas / (0x043afa0cd778e668de868a3cfc2fb586fc68719b06c1956e3bf642cd13d77512)","throwable":""}
{"timestamp":"2023-12-07T16:47:45,118","container":"64cc97803242","level":"INFO","thread":"BftProcessorExecutor-QBFT-0","class":"QbftBesuControllerBuilder","message":"Produced #5 / 0 tx / 0 pending / 0 (0.0%) gas / (0x2f2c38450f07d056c4f2926fa2aa924d5976083c1811b546be2180f21f25ad7c)","throwable":""}
{"timestamp":"2023-12-07T16:47:50,100","container":"64cc97803242","level":"INFO","thread":"BftProcessorExecutor-QBFT-0","class":"QbftBesuControllerBuilder","message":"Imported #6 / 0 tx / 0 pending / 0 (0.0%) gas / (0xcb708d23baebc49a8952934c8c7cff213b0a2cb1354b4da55c2897c3e56bf763)","throwable":""}
{"timestamp":"2023-12-07T16:47:55,198","container":"64cc97803242","level":"INFO","thread":"BftProcessorExecutor-QBFT-0","class":"QbftBesuControllerBuilder","message":"Imported #7 / 0 tx / 0 pending / 0 (0.0%) gas / (0x1cb674be64f744571d727b236ab378a11f32109312718fc90eeb3f392e315bf8)","throwable":""}
{"timestamp":"2023-12-07T16:48:00,131","container":"64cc97803242","level":"INFO","thread":"BftProcessorExecutor-QBFT-0","class":"QbftBesuControllerBuilder","message":"Imported #8 / 0 tx / 0 pending / 0 (0.0%) gas / (0xb8a7ef94f1d09411a428ef4ce0abe52a127e5960d6c9e07f1e514b3e4cd67909)","throwable":""}
{"timestamp":"2023-12-07T16:48:05,106","container":"64cc97803242","level":"INFO","thread":"BftProcessorExecutor-QBFT-0","class":"QbftBesuControllerBuilder","message":"Produced #9 / 0 tx / 0 pending / 0 (0.0%) gas / (0x95cfbc322472f78040e9d27cec35dd3d9aad9470a2d5f5a723c76cfd22e05e9a)","throwable":""}
{"timestamp":"2023-12-07T16:48:10,052","container":"64cc97803242","level":"INFO","thread":"BftProcessorExecutor-QBFT-0","class":"QbftBesuControllerBuilder","message":"Imported #10 / 0 tx / 0 pending / 0 (0.0%) gas / (0xf3f2753d9d1685df3154d4eb4b0f66057f5f22be57b4453e915477b51de2ac02)","throwable":""}
{"timestamp":"2023-12-07T16:48:15,156","container":"64cc97803242","level":"INFO","thread":"BftProcessorExecutor-QBFT-0","class":"QbftBesuControllerBuilder","message":"Imported #11 / 0 tx / 0 pending / 0 (0.0%) gas / (0x339b2411adb06d6024c7f2819184c05165885276fbacd1bd9d69953682267f1c)","throwable":""}
{"timestamp":"2023-12-07T16:48:20,249","container":"64cc97803242","level":"INFO","thread":"BftProcessorExecutor-QBFT-0","class":"QbftBesuControllerBuilder","message":"Imported #12 / 0 tx / 0 pending / 0 (0.0%) gas / (0xdb0239e48936a7608e225c854bfd23f5caebe715f5e8640f21c8c181d1b6ede2)","throwable":""}
{"timestamp":"2023-12-07T16:48:20,270","container":"64cc97803242","level":"INFO","thread":"EthScheduler-Workers-0","class":"PersistBlockTask","message":"Block 12 (0xdb0239e48936a7608e225c854bfd23f5caebe715f5e8640f21c8c181d1b6ede2) is already imported","throwable":""}
{"timestamp":"2023-12-07T16:48:25,132","container":"64cc97803242","level":"INFO","thread":"BftProcessorExecutor-QBFT-0","class":"QbftBesuControllerBuilder","message":"Produced #13 / 0 tx / 0 pending / 0 (0.0%) gas / (0x81cb04e30a248a65d6f928352b34c1e105aef4f0f426066a5a1c57ebca497a57)","throwable":""}
{"timestamp":"2023-12-07T16:48:30,070","container":"64cc97803242","level":"INFO","thread":"BftProcessorExecutor-QBFT-0","class":"QbftBesuControllerBuilder","message":"Imported #14 / 0 tx / 0 pending / 0 (0.0%) gas / (0x27834727aa10b5c8e08f72f569625b64759d772d1387d01a62b8b2455b21bbcc)","throwable":""}
{"timestamp":"2023-12-07T16:48:35,252","container":"64cc97803242","level":"INFO","thread":"EthScheduler-Workers-0","class":"PersistBlockTask","message":"Block 15 (0x5c77a58d2a7e525b24e94863dca8895d2d660651228a40aaff01a6dcec669d42) is already imported","throwable":""}
{"timestamp":"2023-12-07T16:48:35,254","container":"64cc97803242","level":"INFO","thread":"BftProcessorExecutor-QBFT-0","class":"QbftBesuControllerBuilder","message":"Imported #15 / 0 tx / 0 pending / 0 (0.0%) gas / (0x5c77a58d2a7e525b24e94863dca8895d2d660651228a40aaff01a6dcec669d42)","throwable":""}
{"timestamp":"2023-12-07T16:48:40,102","container":"64cc97803242","level":"INFO","thread":"EthScheduler-Workers-0","class":"PersistBlockTask","message":"Block 16 (0x7caf063abd2be8cfb3cc18ee8abdf9a17414c1647aac2313b268005221f75a31) is already imported","throwable":""}
{"timestamp":"2023-12-07T16:48:40,115","container":"64cc97803242","level":"INFO","thread":"BftProcessorExecutor-QBFT-0","class":"QbftBesuControllerBuilder","message":"Imported #16 / 0 tx / 0 pending / 0 (0.0%) gas / (0x7caf063abd2be8cfb3cc18ee8abdf9a17414c1647aac2313b268005221f75a31)","throwable":""}
{"timestamp":"2023-12-07T16:48:45,123","container":"64cc97803242","level":"INFO","thread":"BftProcessorExecutor-QBFT-0","class":"QbftBesuControllerBuilder","message":"Produced #17 / 0 tx / 0 pending / 0 (0.0%) gas / (0x32974fc291a085fb4aaaaf42d35625f4f960669ce50261d8734173e287454d33)","throwable":""}
{"timestamp":"2023-12-07T16:48:50,116","container":"64cc97803242","level":"INFO","thread":"EthScheduler-Workers-0","class":"PersistBlockTask","message":"Block 18 (0x6f03bf3020010c26f167b289305611e855704722c7145f42bb786002d1d7d7e0) is already imported","throwable":""}
{"timestamp":"2023-12-07T16:48:50,118","container":"64cc97803242","level":"INFO","thread":"BftProcessorExecutor-QBFT-0","class":"QbftBesuControllerBuilder","message":"Imported #18 / 0 tx / 0 pending / 0 (0.0%) gas / (0x6f03bf3020010c26f167b289305611e855704722c7145f42bb786002d1d7d7e0)","throwable":""}
{"timestamp":"2023-12-07T16:48:57,334","container":"64cc97803242","level":"INFO","thread":"BftProcessorExecutor-QBFT-0","class":"BftProcessor","message":"Shutting down BFT event processor","throwable":""}
{"timestamp":"2023-12-07T16:48:57,347","container":"64cc97803242","level":"INFO","thread":"BesuCommand-Shutdown-Hook","class":"DefaultSynchronizer","message":"Stopping synchronizer","throwable":""}
{"timestamp":"2023-12-07T16:48:57,371","container":"64cc97803242","level":"INFO","thread":"BesuCommand-Shutdown-Hook","class":"NetworkRunner","message":"Stopping Network.","throwable":""}
{"timestamp":"2023-12-07T16:48:57,406","container":"64cc97803242","level":"INFO","thread":"BesuCommand-Shutdown-Hook","class":"EthProtocolManager","message":"Stopping eth Subprotocol.","throwable":""}
{"timestamp":"2023-12-07T16:48:57,418","container":"64cc97803242","level":"INFO","thread":"BesuCommand-Shutdown-Hook","class":"EthProtocolManager","message":"eth Subprotocol stopped.","throwable":""}
{"timestamp":"2023-12-07T16:48:57,423","container":"64cc97803242","level":"INFO","thread":"BesuCommand-Shutdown-Hook","class":"NetworkRunner","message":"Network stopped.","throwable":""}
{"timestamp":"2023-12-07T16:48:57,424","container":"64cc97803242","level":"INFO","thread":"BesuCommand-Shutdown-Hook","class":"AutoTransactionLogBloomCachingService","message":"Shutting down Auto transaction logs caching service.","throwable":""}
{"timestamp":"2023-12-07T16:48:57,429","container":"64cc97803242","level":"INFO","thread":"BesuCommand-Shutdown-Hook","class":"NatService","message":"No NAT environment detected so no service could be stopped","throwable":""}
