{"timestamp":"2023-12-07T16:46:50,122","container":"b9766c2bd8e6","level":"INFO","thread":"main","class":"Besu","message":"Starting Besu","throwable":""}
{"timestamp":"2023-12-07T16:46:51,909","container":"b9766c2bd8e6","level":"WARN","thread":"main","class":"Besu","message":"--min-gas-price has been ignored because --miner-enabled was not defined on the command line.","throwable":""}
{"timestamp":"2023-12-07T16:46:55,059","container":"b9766c2bd8e6","level":"INFO","thread":"main","class":"Besu","message":"
####################################################################################################
#                                                                                                  #
# Besu version 23.4.1                                                                              #
#                                                                                                  #
# Configuration:                                                                                   #
# Network: Custom genesis file specified                                                           #
# Network Id: 1337                                                                                 #
# Data storage: Forest                                                                             #
# Sync mode: Full                                                                                  #
# RPC HTTP APIs: EEA,WEB3,ETH,NET,TRACE,DEBUG,ADMIN,TXPOOL,PRIV,PERM,QBFT                          #
# RPC HTTP port: 8545                                                                              #
#                                                                                                  #
# Host:                                                                                            #
# Java: openjdk-java-17                                                                            #
# Maximum heap size: 1.45 GB                                                                       #
# OS: linux-x86_64                                                                                 #
# glibc: 2.35                                                                                      #
# jemalloc: 5.2.1-0-gea6b3e973b477b8061e0076bb257dbd7f3faa756                                      #
# Total memory: 5.79 GB                                                                            #
# CPU cores: 12                                                                                    #
#                                                                                                  #
####################################################################################################","throwable":""}
{"timestamp":"2023-12-07T16:46:55,081","container":"b9766c2bd8e6","level":"INFO","thread":"main","class":"Besu","message":"Connecting to 8 static nodes.","throwable":""}
{"timestamp":"2023-12-07T16:46:55,083","container":"b9766c2bd8e6","level":"INFO","thread":"main","class":"Besu","message":"Security Module: localfile","throwable":""}
{"timestamp":"2023-12-07T16:46:55,133","container":"b9766c2bd8e6","level":"INFO","thread":"main","class":"Besu","message":"Using the native implementation of alt bn128","throwable":""}
{"timestamp":"2023-12-07T16:46:55,169","container":"b9766c2bd8e6","level":"INFO","thread":"main","class":"Besu","message":"Using the native implementation of modexp","throwable":""}
{"timestamp":"2023-12-07T16:46:55,174","container":"b9766c2bd8e6","level":"INFO","thread":"main","class":"Besu","message":"Using the native implementation of the signature algorithm","throwable":""}
{"timestamp":"2023-12-07T16:46:55,184","container":"b9766c2bd8e6","level":"INFO","thread":"main","class":"Besu","message":"Using the native implementation of the blake2bf algorithm","throwable":""}
{"timestamp":"2023-12-07T16:46:55,257","container":"b9766c2bd8e6","level":"INFO","thread":"main","class":"RocksDBKeyValueStorageFactory","message":"No existing database detected at /opt/besu/data. Using version 1","throwable":""}
{"timestamp":"2023-12-07T16:46:59,828","container":"b9766c2bd8e6","level":"INFO","thread":"main","class":"KeyPairUtil","message":"Loaded public key 0x2fd5b5b6ad529f55b71602026d1849d0036f06482368b5812fa793014195d3571b0840dbc4175617de2a12db8f1222c012420d471ae5c0d982118625cae58868 from /opt/besu/keys/nodekey","throwable":""}
{"timestamp":"2023-12-07T16:47:00,067","container":"b9766c2bd8e6","level":"WARN","thread":"main","class":"Besu","message":"Privacy is disabled. Cannot use EEA/PRIV API methods when not using Privacy.","throwable":""}
{"timestamp":"2023-12-07T16:47:01,775","container":"b9766c2bd8e6","level":"INFO","thread":"main","class":"ProtocolScheduleBuilder","message":"Protocol schedule created with milestones: [GrayGlacier: 0]","throwable":""}
{"timestamp":"2023-12-07T16:47:03,900","container":"b9766c2bd8e6","level":"INFO","thread":"main","class":"TransactionPoolFactory","message":"Enabling transaction pool","throwable":""}
{"timestamp":"2023-12-07T16:47:03,945","container":"b9766c2bd8e6","level":"INFO","thread":"main","class":"BesuControllerBuilder","message":"TTD difficulty is not present, creating initial sync phase for PoW","throwable":""}
{"timestamp":"2023-12-07T16:47:04,321","container":"b9766c2bd8e6","level":"INFO","thread":"main","class":"RunnerBuilder","message":"Detecting NAT service.","throwable":""}
{"timestamp":"2023-12-07T16:47:07,933","container":"b9766c2bd8e6","level":"INFO","thread":"main","class":"Runner","message":"Starting external services ... ","throwable":""}
{"timestamp":"2023-12-07T16:47:07,943","container":"b9766c2bd8e6","level":"INFO","thread":"main","class":"MetricsHttpService","message":"Starting metrics http service on 0.0.0.0:9545","throwable":""}
{"timestamp":"2023-12-07T16:47:08,721","container":"b9766c2bd8e6","level":"INFO","thread":"main","class":"JsonRpcHttpService","message":"Starting JSON-RPC service on 0.0.0.0:8545","throwable":""}
{"timestamp":"2023-12-07T16:47:08,745","container":"b9766c2bd8e6","level":"INFO","thread":"vert.x-eventloop-thread-1","class":"MetricsHttpService","message":"Metrics service started and listening on 0.0.0.0:9545","throwable":""}
{"timestamp":"2023-12-07T16:47:08,850","container":"b9766c2bd8e6","level":"INFO","thread":"vert.x-eventloop-thread-1","class":"JsonRpcHttpService","message":"JSON-RPC service started and listening on 0.0.0.0:8545","throwable":""}
{"timestamp":"2023-12-07T16:47:08,884","container":"b9766c2bd8e6","level":"INFO","thread":"main","class":"GraphQLHttpService","message":"Starting GraphQL HTTP service on 0.0.0.0:8547","throwable":""}
{"timestamp":"2023-12-07T16:47:08,908","container":"b9766c2bd8e6","level":"INFO","thread":"vert.x-eventloop-thread-1","class":"GraphQLHttpService","message":"GraphQL HTTP service started and listening on 0.0.0.0:8547","throwable":""}
{"timestamp":"2023-12-07T16:47:08,910","container":"b9766c2bd8e6","level":"INFO","thread":"main","class":"WebSocketService","message":"Starting Websocket service on 0.0.0.0:8546","throwable":""}
{"timestamp":"2023-12-07T16:47:08,925","container":"b9766c2bd8e6","level":"INFO","thread":"vert.x-eventloop-thread-1","class":"WebSocketService","message":"Websocket service started and listening on 0.0.0.0:8546","throwable":""}
{"timestamp":"2023-12-07T16:47:08,992","container":"b9766c2bd8e6","level":"INFO","thread":"main","class":"AutoTransactionLogBloomCachingService","message":"Starting auto transaction log bloom caching service.","throwable":""}
{"timestamp":"2023-12-07T16:47:09,068","container":"b9766c2bd8e6","level":"INFO","thread":"main","class":"LogBloomCacheMetadata","message":"Lookup cache metadata file in data directory: /opt/besu/data/caches","throwable":""}
{"timestamp":"2023-12-07T16:47:09,472","container":"b9766c2bd8e6","level":"INFO","thread":"main","class":"Runner","message":"Starting Ethereum main loop ... ","throwable":""}
{"timestamp":"2023-12-07T16:47:09,474","container":"b9766c2bd8e6","level":"INFO","thread":"main","class":"NatService","message":"No NAT environment detected so no service could be started","throwable":""}
{"timestamp":"2023-12-07T16:47:09,475","container":"b9766c2bd8e6","level":"INFO","thread":"main","class":"NetworkRunner","message":"Starting Network.","throwable":""}
{"timestamp":"2023-12-07T16:47:09,767","container":"b9766c2bd8e6","level":"INFO","thread":"nioEventLoopGroup-2-1","class":"RlpxAgent","message":"P2P RLPx agent started and listening on /0.0.0.0:30303.","throwable":""}
{"timestamp":"2023-12-07T16:47:09,830","container":"b9766c2bd8e6","level":"INFO","thread":"main","class":"PeerDiscoveryAgent","message":"Starting peer discovery agent on host=0.0.0.0, port=30303","throwable":""}
{"timestamp":"2023-12-07T16:47:10,124","container":"b9766c2bd8e6","level":"INFO","thread":"vert.x-eventloop-thread-1","class":"VertxPeerDiscoveryAgent","message":"Started peer discovery agent successfully, on effective host=0.0.0.0 and port=30303","throwable":""}
{"timestamp":"2023-12-07T16:47:10,133","container":"b9766c2bd8e6","level":"INFO","thread":"vert.x-eventloop-thread-1","class":"PeerDiscoveryAgent","message":"P2P peer discovery agent started and listening on /0.0.0.0:30303","throwable":""}
{"timestamp":"2023-12-07T16:47:10,587","container":"b9766c2bd8e6","level":"INFO","thread":"vert.x-eventloop-thread-1","class":"PeerDiscoveryAgent","message":"Writing node record to disk. NodeRecord{seq=1, publicKey=0x022fd5b5b6ad529f55b71602026d1849d0036f06482368b5812fa793014195d357, udpAddress=Optional[/172.16.239.14:30303], tcpAddress=Optional[/172.16.239.14:30303], asBase64=-Je4QHlSYsQjr_JsE5RfEYgOZLiqe4B1ELxiAqXDt-efHeA_XaCldSXAgBJzm9bSweE65YASVD4fdLgLrd_M3DvTYFoBg2V0aMfGhMw13_-AgmlkgnY0gmlwhKwQ7w6Jc2VjcDI1NmsxoQIv1bW2rVKfVbcWAgJtGEnQA28GSCNotYEvp5MBQZXTV4N0Y3CCdl-DdWRwgnZf, nodeId=0xc8f776c1d83d4fddd02782c698c1334496614aed49d2e81526d089f7264fed9c, customFields={tcp=30303, udp=30303, ip=0xac10ef0e, eth=[[0xcc35dfff, 0x]], id=V4, secp256k1=0x022fd5b5b6ad529f55b71602026d1849d0036f06482368b5812fa793014195d357}}","throwable":""}
{"timestamp":"2023-12-07T16:47:10,945","container":"b9766c2bd8e6","level":"INFO","thread":"main","class":"DefaultP2PNetwork","message":"Enode URL enode://2fd5b5b6ad529f55b71602026d1849d0036f06482368b5812fa793014195d3571b0840dbc4175617de2a12db8f1222c012420d471ae5c0d982118625cae58868@172.16.239.14:30303","throwable":""}
{"timestamp":"2023-12-07T16:47:10,948","container":"b9766c2bd8e6","level":"INFO","thread":"main","class":"DefaultP2PNetwork","message":"Node address 0x98c1334496614aed49d2e81526d089f7264fed9c","throwable":""}
{"timestamp":"2023-12-07T16:47:11,147","container":"b9766c2bd8e6","level":"INFO","thread":"main","class":"NetworkRunner","message":"Supported capabilities: [eth/62, eth/63, eth/64, eth/65, eth/66, eth/67, eth/68], [istanbul/100], [snap/1]","throwable":""}
{"timestamp":"2023-12-07T16:47:11,148","container":"b9766c2bd8e6","level":"INFO","thread":"main","class":"DefaultSynchronizer","message":"Starting synchronizer.","throwable":""}
{"timestamp":"2023-12-07T16:47:11,195","container":"b9766c2bd8e6","level":"INFO","thread":"main","class":"TransactionPoolFactory","message":"Enabling transaction handling following initial sync","throwable":""}
{"timestamp":"2023-12-07T16:47:11,243","container":"b9766c2bd8e6","level":"INFO","thread":"main","class":"FullSyncDownloader","message":"Starting full sync.","throwable":""}
{"timestamp":"2023-12-07T16:47:11,295","container":"b9766c2bd8e6","level":"INFO","thread":"main","class":"FullSyncTargetManager","message":"Unable to find sync target. Currently checking 0 peers for usefulness","throwable":""}
{"timestamp":"2023-12-07T16:47:12,650","container":"b9766c2bd8e6","level":"INFO","thread":"main","class":"Runner","message":"Ethereum main loop is up.","throwable":""}
{"timestamp":"2023-12-07T16:47:15,026","container":"b9766c2bd8e6","level":"INFO","thread":"nioEventLoopGroup-3-10","class":"FullSyncTargetManager","message":"Unable to find sync target. Currently checking 2 peers for usefulness","throwable":""}
{"timestamp":"2023-12-07T16:47:15,196","container":"b9766c2bd8e6","level":"INFO","thread":"nioEventLoopGroup-3-6","class":"FullSyncTargetManager","message":"Unable to find sync target. Currently checking 3 peers for usefulness","throwable":""}
{"timestamp":"2023-12-07T16:47:16,667","container":"b9766c2bd8e6","level":"INFO","thread":"nioEventLoopGroup-3-9","class":"FullSyncTargetManager","message":"Unable to find sync target. Currently checking 4 peers for usefulness","throwable":""}
{"timestamp":"2023-12-07T16:47:16,977","container":"b9766c2bd8e6","level":"INFO","thread":"nioEventLoopGroup-3-4","class":"FullSyncTargetManager","message":"Unable to find sync target. Currently checking 5 peers for usefulness","throwable":""}
{"timestamp":"2023-12-07T16:47:17,738","container":"b9766c2bd8e6","level":"INFO","thread":"nioEventLoopGroup-3-2","class":"FullSyncTargetManager","message":"Unable to find sync target. Currently checking 6 peers for usefulness","throwable":""}
{"timestamp":"2023-12-07T16:47:17,954","container":"b9766c2bd8e6","level":"INFO","thread":"nioEventLoopGroup-3-3","class":"FullSyncTargetManager","message":"Unable to find sync target. Currently checking 7 peers for usefulness","throwable":""}
{"timestamp":"2023-12-07T16:47:22,978","container":"b9766c2bd8e6","level":"INFO","thread":"EthScheduler-Timer-0","class":"FullSyncTargetManager","message":"Unable to find sync target. Currently checking 7 peers for usefulness","throwable":""}
{"timestamp":"2023-12-07T16:47:26,093","container":"b9766c2bd8e6","level":"INFO","thread":"BftProcessorExecutor-QBFT-0","class":"QbftRound","message":"Importing proposed block to chain. round=ConsensusRoundIdentifier{Sequence=1, Round=1}, hash=0x4817e0cb1f0ab177c16019ae333de44781728d1c4f497227eafa29ad2e854077","throwable":""}
{"timestamp":"2023-12-07T16:47:26,325","container":"b9766c2bd8e6","level":"INFO","thread":"BftProcessorExecutor-QBFT-0","class":"QbftBesuControllerBuilder","message":"Imported #1 / 0 tx / 0 pending / 0 (0.0%) gas / (0x4817e0cb1f0ab177c16019ae333de44781728d1c4f497227eafa29ad2e854077)","throwable":""}
{"timestamp":"2023-12-07T16:47:27,983","container":"b9766c2bd8e6","level":"INFO","thread":"EthScheduler-Timer-0","class":"FullSyncTargetManager","message":"Unable to find sync target. Currently checking 7 peers for usefulness","throwable":""}
{"timestamp":"2023-12-07T16:47:30,365","container":"b9766c2bd8e6","level":"INFO","thread":"EthScheduler-Workers-0","class":"PersistBlockTask","message":"Imported #2 / 0 tx / 0 om / 0 (0.0%) gas / (0x5b5c5ab8ed657471c15d3619b83c0af84daf469d862df3a939e9333ec79047e3) in 0.026s. Peers: 7","throwable":""}
{"timestamp":"2023-12-07T16:47:35,353","container":"b9766c2bd8e6","level":"INFO","thread":"EthScheduler-Workers-0","class":"PersistBlockTask","message":"Block 3 (0x50248f8eff97f4e57ed7bb39ab5790a0fa975b5b8f14915439c5caebc0215092) is already imported","throwable":""}
{"timestamp":"2023-12-07T16:47:35,410","container":"b9766c2bd8e6","level":"INFO","thread":"BftProcessorExecutor-QBFT-0","class":"QbftBesuControllerBuilder","message":"Imported #3 / 0 tx / 0 pending / 0 (0.0%) gas / (0x50248f8eff97f4e57ed7bb39ab5790a0fa975b5b8f14915439c5caebc0215092)","throwable":""}
{"timestamp":"2023-12-07T16:47:40,131","container":"b9766c2bd8e6","level":"INFO","thread":"BftProcessorExecutor-QBFT-0","class":"QbftBesuControllerBuilder","message":"Imported #4 / 0 tx / 0 pending / 0 (0.0%) gas / (0x043afa0cd778e668de868a3cfc2fb586fc68719b06c1956e3bf642cd13d77512)","throwable":""}
{"timestamp":"2023-12-07T16:47:45,194","container":"b9766c2bd8e6","level":"INFO","thread":"EthScheduler-Workers-0","class":"PersistBlockTask","message":"Block 5 (0x2f2c38450f07d056c4f2926fa2aa924d5976083c1811b546be2180f21f25ad7c) is already imported","throwable":""}
{"timestamp":"2023-12-07T16:47:45,204","container":"b9766c2bd8e6","level":"INFO","thread":"BftProcessorExecutor-QBFT-0","class":"QbftBesuControllerBuilder","message":"Imported #5 / 0 tx / 0 pending / 0 (0.0%) gas / (0x2f2c38450f07d056c4f2926fa2aa924d5976083c1811b546be2180f21f25ad7c)","throwable":""}
{"timestamp":"2023-12-07T16:47:50,222","container":"b9766c2bd8e6","level":"INFO","thread":"EthScheduler-Workers-0","class":"PersistBlockTask","message":"Imported #6 / 0 tx / 0 om / 0 (0.0%) gas / (0xcb708d23baebc49a8952934c8c7cff213b0a2cb1354b4da55c2897c3e56bf763) in 0.018s. Peers: 7","throwable":""}
{"timestamp":"2023-12-07T16:47:50,225","container":"b9766c2bd8e6","level":"INFO","thread":"BftProcessorExecutor-QBFT-0","class":"QbftBesuControllerBuilder","message":"Produced #6 / 0 tx / 0 pending / 0 (0.0%) gas / (0xcb708d23baebc49a8952934c8c7cff213b0a2cb1354b4da55c2897c3e56bf763)","throwable":""}
{"timestamp":"2023-12-07T16:47:55,172","container":"b9766c2bd8e6","level":"INFO","thread":"BftProcessorExecutor-QBFT-0","class":"QbftBesuControllerBuilder","message":"Imported #7 / 0 tx / 0 pending / 0 (0.0%) gas / (0x1cb674be64f744571d727b236ab378a11f32109312718fc90eeb3f392e315bf8)","throwable":""}
{"timestamp":"2023-12-07T16:48:00,110","container":"b9766c2bd8e6","level":"INFO","thread":"BftProcessorExecutor-QBFT-0","class":"QbftBesuControllerBuilder","message":"Imported #8 / 0 tx / 0 pending / 0 (0.0%) gas / (0xb8a7ef94f1d09411a428ef4ce0abe52a127e5960d6c9e07f1e514b3e4cd67909)","throwable":""}
{"timestamp":"2023-12-07T16:48:05,148","container":"b9766c2bd8e6","level":"INFO","thread":"EthScheduler-Workers-0","class":"PersistBlockTask","message":"Block 9 (0x95cfbc322472f78040e9d27cec35dd3d9aad9470a2d5f5a723c76cfd22e05e9a) is already imported","throwable":""}
{"timestamp":"2023-12-07T16:48:05,162","container":"b9766c2bd8e6","level":"INFO","thread":"BftProcessorExecutor-QBFT-0","class":"QbftBesuControllerBuilder","message":"Imported #9 / 0 tx / 0 pending / 0 (0.0%) gas / (0x95cfbc322472f78040e9d27cec35dd3d9aad9470a2d5f5a723c76cfd22e05e9a)","throwable":""}
{"timestamp":"2023-12-07T16:48:10,163","container":"b9766c2bd8e6","level":"INFO","thread":"BftProcessorExecutor-QBFT-0","class":"QbftBesuControllerBuilder","message":"Produced #10 / 0 tx / 0 pending / 0 (0.0%) gas / (0xf3f2753d9d1685df3154d4eb4b0f66057f5f22be57b4453e915477b51de2ac02)","throwable":""}
{"timestamp":"2023-12-07T16:48:10,175","container":"b9766c2bd8e6","level":"INFO","thread":"EthScheduler-Workers-0","class":"PersistBlockTask","message":"Block 10 (0xf3f2753d9d1685df3154d4eb4b0f66057f5f22be57b4453e915477b51de2ac02) is already imported","throwable":""}
{"timestamp":"2023-12-07T16:48:15,219","container":"b9766c2bd8e6","level":"INFO","thread":"EthScheduler-Workers-0","class":"PersistBlockTask","message":"Imported #11 / 0 tx / 0 om / 0 (0.0%) gas / (0x339b2411adb06d6024c7f2819184c05165885276fbacd1bd9d69953682267f1c) in 0.005s. Peers: 6","throwable":""}
{"timestamp":"2023-12-07T16:48:15,224","container":"b9766c2bd8e6","level":"INFO","thread":"BftProcessorExecutor-QBFT-0","class":"QbftBesuControllerBuilder","message":"Imported #11 / 0 tx / 0 pending / 0 (0.0%) gas / (0x339b2411adb06d6024c7f2819184c05165885276fbacd1bd9d69953682267f1c)","throwable":""}
{"timestamp":"2023-12-07T16:48:20,125","container":"b9766c2bd8e6","level":"INFO","thread":"BftProcessorExecutor-QBFT-0","class":"QbftBesuControllerBuilder","message":"Imported #12 / 0 tx / 0 pending / 0 (0.0%) gas / (0xdb0239e48936a7608e225c854bfd23f5caebe715f5e8640f21c8c181d1b6ede2)","throwable":""}
{"timestamp":"2023-12-07T16:48:25,167","container":"b9766c2bd8e6","level":"INFO","thread":"BftProcessorExecutor-QBFT-0","class":"QbftBesuControllerBuilder","message":"Imported #13 / 0 tx / 0 pending / 0 (0.0%) gas / (0x81cb04e30a248a65d6f928352b34c1e105aef4f0f426066a5a1c57ebca497a57)","throwable":""}
{"timestamp":"2023-12-07T16:48:30,065","container":"b9766c2bd8e6","level":"INFO","thread":"BftProcessorExecutor-QBFT-0","class":"QbftBesuControllerBuilder","message":"Produced #14 / 0 tx / 0 pending / 0 (0.0%) gas / (0x27834727aa10b5c8e08f72f569625b64759d772d1387d01a62b8b2455b21bbcc)","throwable":""}
{"timestamp":"2023-12-07T16:48:35,178","container":"b9766c2bd8e6","level":"INFO","thread":"BftProcessorExecutor-QBFT-0","class":"QbftBesuControllerBuilder","message":"Imported #15 / 0 tx / 0 pending / 0 (0.0%) gas / (0x5c77a58d2a7e525b24e94863dca8895d2d660651228a40aaff01a6dcec669d42)","throwable":""}
{"timestamp":"2023-12-07T16:48:40,075","container":"b9766c2bd8e6","level":"INFO","thread":"BftProcessorExecutor-QBFT-0","class":"QbftBesuControllerBuilder","message":"Imported #16 / 0 tx / 0 pending / 0 (0.0%) gas / (0x7caf063abd2be8cfb3cc18ee8abdf9a17414c1647aac2313b268005221f75a31)","throwable":""}
{"timestamp":"2023-12-07T16:48:45,120","container":"b9766c2bd8e6","level":"INFO","thread":"BftProcessorExecutor-QBFT-0","class":"QbftBesuControllerBuilder","message":"Imported #17 / 0 tx / 0 pending / 0 (0.0%) gas / (0x32974fc291a085fb4aaaaf42d35625f4f960669ce50261d8734173e287454d33)","throwable":""}
{"timestamp":"2023-12-07T16:48:50,087","container":"b9766c2bd8e6","level":"INFO","thread":"BftProcessorExecutor-QBFT-0","class":"QbftBesuControllerBuilder","message":"Produced #18 / 0 tx / 0 pending / 0 (0.0%) gas / (0x6f03bf3020010c26f167b289305611e855704722c7145f42bb786002d1d7d7e0)","throwable":""}
{"timestamp":"2023-12-07T16:48:55,320","container":"b9766c2bd8e6","level":"INFO","thread":"BftProcessorExecutor-QBFT-0","class":"BftProcessor","message":"Shutting down BFT event processor","throwable":""}
{"timestamp":"2023-12-07T16:48:55,353","container":"b9766c2bd8e6","level":"INFO","thread":"BesuCommand-Shutdown-Hook","class":"DefaultSynchronizer","message":"Stopping synchronizer","throwable":""}
{"timestamp":"2023-12-07T16:48:55,414","container":"b9766c2bd8e6","level":"INFO","thread":"BesuCommand-Shutdown-Hook","class":"NetworkRunner","message":"Stopping Network.","throwable":""}
{"timestamp":"2023-12-07T16:48:55,545","container":"b9766c2bd8e6","level":"INFO","thread":"BesuCommand-Shutdown-Hook","class":"EthProtocolManager","message":"Stopping eth Subprotocol.","throwable":""}
{"timestamp":"2023-12-07T16:48:55,577","container":"b9766c2bd8e6","level":"INFO","thread":"BesuCommand-Shutdown-Hook","class":"EthProtocolManager","message":"eth Subprotocol stopped.","throwable":""}
{"timestamp":"2023-12-07T16:48:55,579","container":"b9766c2bd8e6","level":"INFO","thread":"BesuCommand-Shutdown-Hook","class":"NetworkRunner","message":"Network stopped.","throwable":""}
{"timestamp":"2023-12-07T16:48:55,581","container":"b9766c2bd8e6","level":"INFO","thread":"BesuCommand-Shutdown-Hook","class":"AutoTransactionLogBloomCachingService","message":"Shutting down Auto transaction logs caching service.","throwable":""}
{"timestamp":"2023-12-07T16:48:55,618","container":"b9766c2bd8e6","level":"INFO","thread":"BesuCommand-Shutdown-Hook","class":"NatService","message":"No NAT environment detected so no service could be stopped","throwable":""}
