{"timestamp":"2023-12-07T16:46:50,167","container":"b3569c7206e8","level":"INFO","thread":"main","class":"Besu","message":"Starting Besu","throwable":""}
{"timestamp":"2023-12-07T16:46:51,816","container":"b3569c7206e8","level":"WARN","thread":"main","class":"Besu","message":"--min-gas-price has been ignored because --miner-enabled was not defined on the command line.","throwable":""}
{"timestamp":"2023-12-07T16:46:55,214","container":"b3569c7206e8","level":"INFO","thread":"main","class":"Besu","message":"
####################################################################################################
#                                                                                                  #
# Besu version 23.4.1                                                                              #
#                                                                                                  #
# Configuration:                                                                                   #
# Network: Custom genesis file specified                                                           #
# Network Id: 1337                                                                                 #
# Data storage: Forest                                                                             #
# Sync mode: Full                                                                                  #
# RPC HTTP APIs: EEA,WEB3,ETH,NET,TRACE,DEBUG,ADMIN,TXPOOL,PRIV,PERM,QBFT                          #
# RPC HTTP port: 8545                                                                              #
#                                                                                                  #
# Host:                                                                                            #
# Java: openjdk-java-17                                                                            #
# Maximum heap size: 1.45 GB                                                                       #
# OS: linux-x86_64                                                                                 #
# glibc: 2.35                                                                                      #
# jemalloc: 5.2.1-0-gea6b3e973b477b8061e0076bb257dbd7f3faa756                                      #
# Total memory: 5.79 GB                                                                            #
# CPU cores: 12                                                                                    #
#                                                                                                  #
####################################################################################################","throwable":""}
{"timestamp":"2023-12-07T16:46:55,222","container":"b3569c7206e8","level":"INFO","thread":"main","class":"Besu","message":"Connecting to 8 static nodes.","throwable":""}
{"timestamp":"2023-12-07T16:46:55,223","container":"b3569c7206e8","level":"INFO","thread":"main","class":"Besu","message":"Security Module: localfile","throwable":""}
{"timestamp":"2023-12-07T16:46:55,274","container":"b3569c7206e8","level":"INFO","thread":"main","class":"Besu","message":"Using the native implementation of alt bn128","throwable":""}
{"timestamp":"2023-12-07T16:46:55,318","container":"b3569c7206e8","level":"INFO","thread":"main","class":"Besu","message":"Using the native implementation of modexp","throwable":""}
{"timestamp":"2023-12-07T16:46:55,321","container":"b3569c7206e8","level":"INFO","thread":"main","class":"Besu","message":"Using the native implementation of the signature algorithm","throwable":""}
{"timestamp":"2023-12-07T16:46:55,333","container":"b3569c7206e8","level":"INFO","thread":"main","class":"Besu","message":"Using the native implementation of the blake2bf algorithm","throwable":""}
{"timestamp":"2023-12-07T16:46:55,391","container":"b3569c7206e8","level":"INFO","thread":"main","class":"RocksDBKeyValueStorageFactory","message":"No existing database detected at /opt/besu/data. Using version 1","throwable":""}
{"timestamp":"2023-12-07T16:46:59,964","container":"b3569c7206e8","level":"INFO","thread":"main","class":"KeyPairUtil","message":"Loaded public key 0xb9050e002aa42464e6b07c811a1f9dfec01249af03f67b753e8415420649b184447bb2a784863ccbf327ad9e31aaba803464979dfe6a7facc669151a5fa6ad1b from /opt/besu/keys/nodekey","throwable":""}
{"timestamp":"2023-12-07T16:47:00,077","container":"b3569c7206e8","level":"WARN","thread":"main","class":"Besu","message":"Privacy is disabled. Cannot use EEA/PRIV API methods when not using Privacy.","throwable":""}
{"timestamp":"2023-12-07T16:47:01,665","container":"b3569c7206e8","level":"INFO","thread":"main","class":"ProtocolScheduleBuilder","message":"Protocol schedule created with milestones: [GrayGlacier: 0]","throwable":""}
{"timestamp":"2023-12-07T16:47:03,871","container":"b3569c7206e8","level":"INFO","thread":"main","class":"TransactionPoolFactory","message":"Enabling transaction pool","throwable":""}
{"timestamp":"2023-12-07T16:47:03,935","container":"b3569c7206e8","level":"INFO","thread":"main","class":"BesuControllerBuilder","message":"TTD difficulty is not present, creating initial sync phase for PoW","throwable":""}
{"timestamp":"2023-12-07T16:47:04,234","container":"b3569c7206e8","level":"INFO","thread":"main","class":"RunnerBuilder","message":"Detecting NAT service.","throwable":""}
{"timestamp":"2023-12-07T16:47:07,732","container":"b3569c7206e8","level":"INFO","thread":"main","class":"Runner","message":"Starting external services ... ","throwable":""}
{"timestamp":"2023-12-07T16:47:07,734","container":"b3569c7206e8","level":"INFO","thread":"main","class":"MetricsHttpService","message":"Starting metrics http service on 0.0.0.0:9545","throwable":""}
{"timestamp":"2023-12-07T16:47:08,587","container":"b3569c7206e8","level":"INFO","thread":"main","class":"JsonRpcHttpService","message":"Starting JSON-RPC service on 0.0.0.0:8545","throwable":""}
{"timestamp":"2023-12-07T16:47:08,590","container":"b3569c7206e8","level":"INFO","thread":"vert.x-eventloop-thread-1","class":"MetricsHttpService","message":"Metrics service started and listening on 0.0.0.0:9545","throwable":""}
{"timestamp":"2023-12-07T16:47:08,671","container":"b3569c7206e8","level":"INFO","thread":"vert.x-eventloop-thread-1","class":"JsonRpcHttpService","message":"JSON-RPC service started and listening on 0.0.0.0:8545","throwable":""}
{"timestamp":"2023-12-07T16:47:08,686","container":"b3569c7206e8","level":"INFO","thread":"main","class":"GraphQLHttpService","message":"Starting GraphQL HTTP service on 0.0.0.0:8547","throwable":""}
{"timestamp":"2023-12-07T16:47:08,708","container":"b3569c7206e8","level":"INFO","thread":"vert.x-eventloop-thread-1","class":"GraphQLHttpService","message":"GraphQL HTTP service started and listening on 0.0.0.0:8547","throwable":""}
{"timestamp":"2023-12-07T16:47:08,714","container":"b3569c7206e8","level":"INFO","thread":"main","class":"WebSocketService","message":"Starting Websocket service on 0.0.0.0:8546","throwable":""}
{"timestamp":"2023-12-07T16:47:08,729","container":"b3569c7206e8","level":"INFO","thread":"vert.x-eventloop-thread-1","class":"WebSocketService","message":"Websocket service started and listening on 0.0.0.0:8546","throwable":""}
{"timestamp":"2023-12-07T16:47:08,741","container":"b3569c7206e8","level":"INFO","thread":"main","class":"AutoTransactionLogBloomCachingService","message":"Starting auto transaction log bloom caching service.","throwable":""}
{"timestamp":"2023-12-07T16:47:08,747","container":"b3569c7206e8","level":"INFO","thread":"main","class":"LogBloomCacheMetadata","message":"Lookup cache metadata file in data directory: /opt/besu/data/caches","throwable":""}
{"timestamp":"2023-12-07T16:47:08,913","container":"b3569c7206e8","level":"INFO","thread":"main","class":"Runner","message":"Starting Ethereum main loop ... ","throwable":""}
{"timestamp":"2023-12-07T16:47:08,921","container":"b3569c7206e8","level":"INFO","thread":"main","class":"NatService","message":"No NAT environment detected so no service could be started","throwable":""}
{"timestamp":"2023-12-07T16:47:08,922","container":"b3569c7206e8","level":"INFO","thread":"main","class":"NetworkRunner","message":"Starting Network.","throwable":""}
{"timestamp":"2023-12-07T16:47:09,017","container":"b3569c7206e8","level":"INFO","thread":"nioEventLoopGroup-2-1","class":"RlpxAgent","message":"P2P RLPx agent started and listening on /0.0.0.0:30303.","throwable":""}
{"timestamp":"2023-12-07T16:47:09,033","container":"b3569c7206e8","level":"INFO","thread":"main","class":"PeerDiscoveryAgent","message":"Starting peer discovery agent on host=0.0.0.0, port=30303","throwable":""}
{"timestamp":"2023-12-07T16:47:09,197","container":"b3569c7206e8","level":"INFO","thread":"vert.x-eventloop-thread-1","class":"VertxPeerDiscoveryAgent","message":"Started peer discovery agent successfully, on effective host=0.0.0.0 and port=30303","throwable":""}
{"timestamp":"2023-12-07T16:47:09,203","container":"b3569c7206e8","level":"INFO","thread":"vert.x-eventloop-thread-1","class":"PeerDiscoveryAgent","message":"P2P peer discovery agent started and listening on /0.0.0.0:30303","throwable":""}
{"timestamp":"2023-12-07T16:47:09,926","container":"b3569c7206e8","level":"INFO","thread":"vert.x-eventloop-thread-1","class":"PeerDiscoveryAgent","message":"Writing node record to disk. NodeRecord{seq=1, publicKey=0x03b9050e002aa42464e6b07c811a1f9dfec01249af03f67b753e8415420649b184, udpAddress=Optional[/172.16.239.12:30303], tcpAddress=Optional[/172.16.239.12:30303], asBase64=-Je4QNL2ckGHTxPmgpYQRXuVgOl07xd66qFsVR0TPzqsslMyOd3AOtWQ4Xv-DgHQy9h_nvVhzY2Il2G6DuNkfupxvJQBg2V0aMfGhMw13_-AgmlkgnY0gmlwhKwQ7wyJc2VjcDI1NmsxoQO5BQ4AKqQkZOawfIEaH53-wBJJrwP2e3U-hBVCBkmxhIN0Y3CCdl-DdWRwgnZf, nodeId=0x27059b2392ab7830b38b2f4d27a97c9aaf04f18f3014c32e036dd0ac76da5f18, customFields={tcp=30303, udp=30303, ip=0xac10ef0c, eth=[[0xcc35dfff, 0x]], id=V4, secp256k1=0x03b9050e002aa42464e6b07c811a1f9dfec01249af03f67b753e8415420649b184}}","throwable":""}
{"timestamp":"2023-12-07T16:47:10,612","container":"b3569c7206e8","level":"INFO","thread":"main","class":"DefaultP2PNetwork","message":"Enode URL enode://b9050e002aa42464e6b07c811a1f9dfec01249af03f67b753e8415420649b184447bb2a784863ccbf327ad9e31aaba803464979dfe6a7facc669151a5fa6ad1b@172.16.239.12:30303","throwable":""}
{"timestamp":"2023-12-07T16:47:10,641","container":"b3569c7206e8","level":"INFO","thread":"main","class":"DefaultP2PNetwork","message":"Node address 0x27a97c9aaf04f18f3014c32e036dd0ac76da5f18","throwable":""}
{"timestamp":"2023-12-07T16:47:11,027","container":"b3569c7206e8","level":"INFO","thread":"main","class":"NetworkRunner","message":"Supported capabilities: [eth/62, eth/63, eth/64, eth/65, eth/66, eth/67, eth/68], [istanbul/100], [snap/1]","throwable":""}
{"timestamp":"2023-12-07T16:47:11,029","container":"b3569c7206e8","level":"INFO","thread":"main","class":"DefaultSynchronizer","message":"Starting synchronizer.","throwable":""}
{"timestamp":"2023-12-07T16:47:11,037","container":"b3569c7206e8","level":"INFO","thread":"main","class":"TransactionPoolFactory","message":"Enabling transaction handling following initial sync","throwable":""}
{"timestamp":"2023-12-07T16:47:11,045","container":"b3569c7206e8","level":"INFO","thread":"main","class":"FullSyncDownloader","message":"Starting full sync.","throwable":""}
{"timestamp":"2023-12-07T16:47:11,047","container":"b3569c7206e8","level":"INFO","thread":"main","class":"FullSyncTargetManager","message":"Unable to find sync target. Currently checking 0 peers for usefulness","throwable":""}
{"timestamp":"2023-12-07T16:47:11,604","container":"b3569c7206e8","level":"INFO","thread":"main","class":"Runner","message":"Ethereum main loop is up.","throwable":""}
{"timestamp":"2023-12-07T16:47:16,502","container":"b3569c7206e8","level":"INFO","thread":"EthScheduler-Timer-0","class":"FullSyncTargetManager","message":"Unable to find sync target. Currently checking 0 peers for usefulness","throwable":""}
{"timestamp":"2023-12-07T16:47:16,792","container":"b3569c7206e8","level":"INFO","thread":"nioEventLoopGroup-3-6","class":"FullSyncTargetManager","message":"Unable to find sync target. Currently checking 4 peers for usefulness","throwable":""}
{"timestamp":"2023-12-07T16:47:16,991","container":"b3569c7206e8","level":"INFO","thread":"nioEventLoopGroup-3-4","class":"FullSyncTargetManager","message":"Unable to find sync target. Currently checking 5 peers for usefulness","throwable":""}
{"timestamp":"2023-12-07T16:47:17,745","container":"b3569c7206e8","level":"INFO","thread":"nioEventLoopGroup-3-7","class":"FullSyncTargetManager","message":"Unable to find sync target. Currently checking 6 peers for usefulness","throwable":""}
{"timestamp":"2023-12-07T16:47:17,942","container":"b3569c7206e8","level":"INFO","thread":"nioEventLoopGroup-3-3","class":"FullSyncTargetManager","message":"Unable to find sync target. Currently checking 7 peers for usefulness","throwable":""}
{"timestamp":"2023-12-07T16:47:22,945","container":"b3569c7206e8","level":"INFO","thread":"EthScheduler-Timer-0","class":"FullSyncTargetManager","message":"Unable to find sync target. Currently checking 7 peers for usefulness","throwable":""}
{"timestamp":"2023-12-07T16:47:26,039","container":"b3569c7206e8","level":"INFO","thread":"BftProcessorExecutor-QBFT-0","class":"QbftRound","message":"Importing proposed block to chain. round=ConsensusRoundIdentifier{Sequence=1, Round=1}, hash=0x4817e0cb1f0ab177c16019ae333de44781728d1c4f497227eafa29ad2e854077","throwable":""}
{"timestamp":"2023-12-07T16:47:26,190","container":"b3569c7206e8","level":"INFO","thread":"BftProcessorExecutor-QBFT-0","class":"QbftBesuControllerBuilder","message":"Imported #1 / 0 tx / 0 pending / 0 (0.0%) gas / (0x4817e0cb1f0ab177c16019ae333de44781728d1c4f497227eafa29ad2e854077)","throwable":""}
{"timestamp":"2023-12-07T16:47:27,948","container":"b3569c7206e8","level":"INFO","thread":"EthScheduler-Timer-0","class":"FullSyncTargetManager","message":"Unable to find sync target. Currently checking 7 peers for usefulness","throwable":""}
{"timestamp":"2023-12-07T16:47:30,202","container":"b3569c7206e8","level":"INFO","thread":"BftProcessorExecutor-QBFT-0","class":"QbftBesuControllerBuilder","message":"Imported #2 / 0 tx / 0 pending / 0 (0.0%) gas / (0x5b5c5ab8ed657471c15d3619b83c0af84daf469d862df3a939e9333ec79047e3)","throwable":""}
{"timestamp":"2023-12-07T16:47:35,204","container":"b3569c7206e8","level":"INFO","thread":"BftProcessorExecutor-QBFT-0","class":"QbftBesuControllerBuilder","message":"Imported #3 / 0 tx / 0 pending / 0 (0.0%) gas / (0x50248f8eff97f4e57ed7bb39ab5790a0fa975b5b8f14915439c5caebc0215092)","throwable":""}
{"timestamp":"2023-12-07T16:47:40,287","container":"b3569c7206e8","level":"INFO","thread":"BftProcessorExecutor-QBFT-0","class":"QbftBesuControllerBuilder","message":"Produced #4 / 0 tx / 0 pending / 0 (0.0%) gas / (0x043afa0cd778e668de868a3cfc2fb586fc68719b06c1956e3bf642cd13d77512)","throwable":""}
{"timestamp":"2023-12-07T16:47:40,290","container":"b3569c7206e8","level":"INFO","thread":"EthScheduler-Workers-0","class":"PersistBlockTask","message":"Block 4 (0x043afa0cd778e668de868a3cfc2fb586fc68719b06c1956e3bf642cd13d77512) is already imported","throwable":""}
{"timestamp":"2023-12-07T16:47:45,254","container":"b3569c7206e8","level":"INFO","thread":"EthScheduler-Workers-0","class":"PersistBlockTask","message":"Block 5 (0x2f2c38450f07d056c4f2926fa2aa924d5976083c1811b546be2180f21f25ad7c) is already imported","throwable":""}
{"timestamp":"2023-12-07T16:47:45,260","container":"b3569c7206e8","level":"INFO","thread":"BftProcessorExecutor-QBFT-0","class":"QbftBesuControllerBuilder","message":"Imported #5 / 0 tx / 0 pending / 0 (0.0%) gas / (0x2f2c38450f07d056c4f2926fa2aa924d5976083c1811b546be2180f21f25ad7c)","throwable":""}
{"timestamp":"2023-12-07T16:47:50,181","container":"b3569c7206e8","level":"INFO","thread":"BftProcessorExecutor-QBFT-0","class":"QbftBesuControllerBuilder","message":"Imported #6 / 0 tx / 0 pending / 0 (0.0%) gas / (0xcb708d23baebc49a8952934c8c7cff213b0a2cb1354b4da55c2897c3e56bf763)","throwable":""}
{"timestamp":"2023-12-07T16:47:55,163","container":"b3569c7206e8","level":"INFO","thread":"BftProcessorExecutor-QBFT-0","class":"QbftBesuControllerBuilder","message":"Imported #7 / 0 tx / 0 pending / 0 (0.0%) gas / (0x1cb674be64f744571d727b236ab378a11f32109312718fc90eeb3f392e315bf8)","throwable":""}
{"timestamp":"2023-12-07T16:48:00,097","container":"b3569c7206e8","level":"INFO","thread":"BftProcessorExecutor-QBFT-0","class":"QbftBesuControllerBuilder","message":"Produced #8 / 0 tx / 0 pending / 0 (0.0%) gas / (0xb8a7ef94f1d09411a428ef4ce0abe52a127e5960d6c9e07f1e514b3e4cd67909)","throwable":""}
{"timestamp":"2023-12-07T16:48:05,112","container":"b3569c7206e8","level":"INFO","thread":"BftProcessorExecutor-QBFT-0","class":"QbftBesuControllerBuilder","message":"Imported #9 / 0 tx / 0 pending / 0 (0.0%) gas / (0x95cfbc322472f78040e9d27cec35dd3d9aad9470a2d5f5a723c76cfd22e05e9a)","throwable":""}
{"timestamp":"2023-12-07T16:48:10,063","container":"b3569c7206e8","level":"INFO","thread":"EthScheduler-Workers-0","class":"PersistBlockTask","message":"Block 10 (0xf3f2753d9d1685df3154d4eb4b0f66057f5f22be57b4453e915477b51de2ac02) is already imported","throwable":""}
{"timestamp":"2023-12-07T16:48:10,074","container":"b3569c7206e8","level":"INFO","thread":"BftProcessorExecutor-QBFT-0","class":"QbftBesuControllerBuilder","message":"Imported #10 / 0 tx / 0 pending / 0 (0.0%) gas / (0xf3f2753d9d1685df3154d4eb4b0f66057f5f22be57b4453e915477b51de2ac02)","throwable":""}
{"timestamp":"2023-12-07T16:48:15,179","container":"b3569c7206e8","level":"INFO","thread":"BftProcessorExecutor-QBFT-0","class":"QbftBesuControllerBuilder","message":"Imported #11 / 0 tx / 0 pending / 0 (0.0%) gas / (0x339b2411adb06d6024c7f2819184c05165885276fbacd1bd9d69953682267f1c)","throwable":""}
{"timestamp":"2023-12-07T16:48:20,154","container":"b3569c7206e8","level":"INFO","thread":"BftProcessorExecutor-QBFT-0","class":"QbftBesuControllerBuilder","message":"Produced #12 / 0 tx / 0 pending / 0 (0.0%) gas / (0xdb0239e48936a7608e225c854bfd23f5caebe715f5e8640f21c8c181d1b6ede2)","throwable":""}
{"timestamp":"2023-12-07T16:48:25,120","container":"b3569c7206e8","level":"INFO","thread":"BftProcessorExecutor-QBFT-0","class":"QbftBesuControllerBuilder","message":"Imported #13 / 0 tx / 0 pending / 0 (0.0%) gas / (0x81cb04e30a248a65d6f928352b34c1e105aef4f0f426066a5a1c57ebca497a57)","throwable":""}
{"timestamp":"2023-12-07T16:48:30,095","container":"b3569c7206e8","level":"INFO","thread":"EthScheduler-Workers-0","class":"PersistBlockTask","message":"Block 14 (0x27834727aa10b5c8e08f72f569625b64759d772d1387d01a62b8b2455b21bbcc) is already imported","throwable":""}
{"timestamp":"2023-12-07T16:48:30,096","container":"b3569c7206e8","level":"INFO","thread":"BftProcessorExecutor-QBFT-0","class":"QbftBesuControllerBuilder","message":"Imported #14 / 0 tx / 0 pending / 0 (0.0%) gas / (0x27834727aa10b5c8e08f72f569625b64759d772d1387d01a62b8b2455b21bbcc)","throwable":""}
{"timestamp":"2023-12-07T16:48:35,242","container":"b3569c7206e8","level":"INFO","thread":"EthScheduler-Workers-0","class":"PersistBlockTask","message":"Block 15 (0x5c77a58d2a7e525b24e94863dca8895d2d660651228a40aaff01a6dcec669d42) is already imported","throwable":""}
{"timestamp":"2023-12-07T16:48:35,246","container":"b3569c7206e8","level":"INFO","thread":"BftProcessorExecutor-QBFT-0","class":"QbftBesuControllerBuilder","message":"Imported #15 / 0 tx / 0 pending / 0 (0.0%) gas / (0x5c77a58d2a7e525b24e94863dca8895d2d660651228a40aaff01a6dcec669d42)","throwable":""}
{"timestamp":"2023-12-07T16:48:40,105","container":"b3569c7206e8","level":"INFO","thread":"BftProcessorExecutor-QBFT-0","class":"QbftBesuControllerBuilder","message":"Produced #16 / 0 tx / 0 pending / 0 (0.0%) gas / (0x7caf063abd2be8cfb3cc18ee8abdf9a17414c1647aac2313b268005221f75a31)","throwable":""}
{"timestamp":"2023-12-07T16:48:45,163","container":"b3569c7206e8","level":"INFO","thread":"EthScheduler-Workers-0","class":"PersistBlockTask","message":"Block 17 (0x32974fc291a085fb4aaaaf42d35625f4f960669ce50261d8734173e287454d33) is already imported","throwable":""}
{"timestamp":"2023-12-07T16:48:45,173","container":"b3569c7206e8","level":"INFO","thread":"BftProcessorExecutor-QBFT-0","class":"QbftBesuControllerBuilder","message":"Imported #17 / 0 tx / 0 pending / 0 (0.0%) gas / (0x32974fc291a085fb4aaaaf42d35625f4f960669ce50261d8734173e287454d33)","throwable":""}
{"timestamp":"2023-12-07T16:48:50,106","container":"b3569c7206e8","level":"INFO","thread":"BftProcessorExecutor-QBFT-0","class":"QbftBesuControllerBuilder","message":"Imported #18 / 0 tx / 0 pending / 0 (0.0%) gas / (0x6f03bf3020010c26f167b289305611e855704722c7145f42bb786002d1d7d7e0)","throwable":""}
{"timestamp":"2023-12-07T16:48:55,326","container":"b3569c7206e8","level":"INFO","thread":"BftProcessorExecutor-QBFT-0","class":"BftProcessor","message":"Shutting down BFT event processor","throwable":""}
{"timestamp":"2023-12-07T16:48:55,354","container":"b3569c7206e8","level":"INFO","thread":"BesuCommand-Shutdown-Hook","class":"DefaultSynchronizer","message":"Stopping synchronizer","throwable":""}
{"timestamp":"2023-12-07T16:48:55,404","container":"b3569c7206e8","level":"INFO","thread":"BesuCommand-Shutdown-Hook","class":"NetworkRunner","message":"Stopping Network.","throwable":""}
{"timestamp":"2023-12-07T16:48:55,554","container":"b3569c7206e8","level":"INFO","thread":"BesuCommand-Shutdown-Hook","class":"EthProtocolManager","message":"Stopping eth Subprotocol.","throwable":""}
{"timestamp":"2023-12-07T16:48:55,572","container":"b3569c7206e8","level":"INFO","thread":"BesuCommand-Shutdown-Hook","class":"EthProtocolManager","message":"eth Subprotocol stopped.","throwable":""}
{"timestamp":"2023-12-07T16:48:55,578","container":"b3569c7206e8","level":"INFO","thread":"BesuCommand-Shutdown-Hook","class":"NetworkRunner","message":"Network stopped.","throwable":""}
{"timestamp":"2023-12-07T16:48:55,580","container":"b3569c7206e8","level":"INFO","thread":"BesuCommand-Shutdown-Hook","class":"AutoTransactionLogBloomCachingService","message":"Shutting down Auto transaction logs caching service.","throwable":""}
{"timestamp":"2023-12-07T16:48:55,587","container":"b3569c7206e8","level":"INFO","thread":"BesuCommand-Shutdown-Hook","class":"NatService","message":"No NAT environment detected so no service could be stopped","throwable":""}
